<?xml version="1.0" encoding="UTF-8"?>
<testsuite name="com.gpsamy.easydatastore.DataStoreHelperTest" tests="33" skipped="0" failures="33" errors="0" timestamp="2024-06-25T03:14:47" hostname="rapl14" time="5.579">
  <properties/>
  <testcase name="datastore_containsBooleanKey_false" classname="com.gpsamy.easydatastore.DataStoreHelperTest" time="4.53">
    <failure message="java.lang.VerifyError: Bad return type&#10;Exception Details:&#10;  Location:&#10;    android/content/res/ResourcesImpl.$$robo$$android_content_res_ResourcesImpl$loadComplexColorForCookie(Landroid/content/res/Resources;Landroid/util/TypedValue;ILandroid/content/res/Resources$Theme;)Landroid/content/res/ComplexColor; @635: areturn&#10;  Reason:&#10;    Type 'java/lang/Object' (current frame, stack[0]) is not assignable to 'android/content/res/ComplexColor' (from method signature)&#10;  Current Frame:&#10;    bci: @635&#10;    flags: { }&#10;    locals: { 'android/content/res/ResourcesImpl', 'android/content/res/Resources', 'android/util/TypedValue', integer, 'android/content/res/Resources$Theme', '[I', 'java/lang/String', 'java/lang/Object', 'android/content/res/XmlResourceParser', 'android/util/AttributeSet', integer, 'java/lang/String' }&#10;    stack: { 'java/lang/Object' }&#10;  Bytecode:&#10;    0000000: b200 8bc7 000b 128d b800 93b3 008b b200&#10;    0000010: 8b3a 0519 0511 0189 5c2e 0460 4f2c b401&#10;    0000020: b1c7 002c 1905 1101 8a5c 2e04 604f bb04&#10;    0000030: 4359 bb01 2359 b701 2413 0445 b601 2a2c&#10;    0000040: b402 b9b6 0187 b601 34b7 0446 bf19 0511&#10;    0000050: 018b 5c2e 0460 4f2c b401 b1b9 01b2 0100&#10;    0000060: 3a06 1905 1101 8c5c 2e04 604f 013a 0719&#10;    0000070: 0511 018d 5c2e 0460 4f14 01d6 1906 b801&#10;    0000080: df19 0511 018e 5c2e 0460 4f19 0613 0393&#10;    0000090: b603 9799 0178 1905 1101 8f5c 2e04 604f&#10;    00000a0: 2a19 061d 2cb4 01af 1304 48b6 039b 3a08&#10;    00000b0: 1905 1101 905c 2e04 604f 1908 b804 4e3a&#10;    00000c0: 0919 0511 0191 5c2e 0460 4f19 08b9 0451&#10;    00000d0: 0100 5936 0a05 9f00 0c15 0a04 9f00 06a7&#10;    00000e0: ffe2 1905 1101 925c 2e04 604f 150a 059f&#10;    00000f0: 0018 1905 1101 935c 2e04 604f bb03 d759&#10;    0000100: 1304 53b7 0454 bf19 0511 0194 5c2e 0460&#10;    0000110: 4f19 08b9 0457 0100 3a0b 1905 1101 955c&#10;    0000120: 2e04 604f 190b 1304 59b6 019a 9900 1c19&#10;    0000130: 0511 0196 5c2e 0460 4f2b 1908 1909 1904&#10;    0000140: b804 5f3a 07a7 002e 1905 1101 975c 2e04&#10;    0000150: 604f 190b 1304 61b6 019a 9900 1919 0511&#10;    0000160: 0198 5c2e 0460 4f2b 1908 1909 1904 b804&#10;    0000170: 643a 0719 0511 0199 5c2e 0460 4f19 08b9&#10;    0000180: 03a2 0100 1905 1101 9a5c 2e04 604f a700&#10;    0000190: d119 0511 019b 5c2e 0460 4f3a 0819 0511&#10;    00001a0: 019c 5c2e 0460 4f14 01d6 b802 6919 0511&#10;    00001b0: 019d 5c2e 0460 4fbb 0016 59bb 0123 59b7&#10;    00001c0: 0124 1301 b8b6 012a 1906 b601 2a13 0466&#10;    00001d0: b601 2a1d 1905 1101 9e5c 2e04 604f b801&#10;    00001e0: 30b6 012a b601 34b7 0137 3a09 1905 1101&#10;    00001f0: 9f5c 2e04 604f 1909 1908 b601 cc57 1905&#10;    0000200: 1101 a05c 2e04 604f 1909 bf19 0511 01a1&#10;    0000210: 5c2e 0460 4f14 01d6 b802 6919 0511 01a2&#10;    0000220: 5c2e 0460 4fbb 0016 59bb 0123 59b7 0124&#10;    0000230: 1301 b8b6 012a 1906 b601 2a13 01ba b601&#10;    0000240: 2a1d 1905 1101 a35c 2e04 604f b801 30b6&#10;    0000250: 012a 1304 30b6 012a b601 34b7 0137 bf19&#10;    0000260: 0511 01a4 5c2e 0460 4f14 01d6 b802 6919&#10;    0000270: 0511 01a5 5c2e 0460 4f19 07b0          &#10;  Exception Handler Table:&#10;    bci [150, 388] =&gt; handler: 401&#10;  Stackmap Table:&#10;    same_frame(@14)&#10;    append_frame(@77,Object[#281])&#10;    full_frame(@193,{Object[#2],Object[#24],Object[#428],Integer,Object[#27],Object[#281],Object[#207],Null,Object[#929],Object[#1131]},{})&#10;    append_frame(@226,Integer)&#10;    same_frame(@263)&#10;    append_frame(@328,Object[#207])&#10;    full_frame(@371,{Object[#2],Object[#24],Object[#428],Integer,Object[#27],Object[#281],Object[#207],Object[#4],Object[#929],Object[#1131],Integer,Object[#207]},{})&#10;    full_frame(@401,{Object[#2],Object[#24],Object[#428],Integer,Object[#27],Object[#281],Object[#207],Object[#4]},{Object[#335]})&#10;    full_frame(@523,{Object[#2],Object[#24],Object[#428],Integer,Object[#27],Object[#281],Object[#207],Null},{})&#10;    full_frame(@607,{Object[#2],Object[#24],Object[#428],Integer,Object[#27],Object[#281],Object[#207],Object[#4],Object[#929],Object[#1131],Integer,Object[#207]},{})&#10;" type="java.lang.VerifyError">java.lang.VerifyError: Bad return type
Exception Details:
  Location:
    android/content/res/ResourcesImpl.$$robo$$android_content_res_ResourcesImpl$loadComplexColorForCookie(Landroid/content/res/Resources;Landroid/util/TypedValue;ILandroid/content/res/Resources$Theme;)Landroid/content/res/ComplexColor; @635: areturn
  Reason:
    Type 'java/lang/Object' (current frame, stack[0]) is not assignable to 'android/content/res/ComplexColor' (from method signature)
  Current Frame:
    bci: @635
    flags: { }
    locals: { 'android/content/res/ResourcesImpl', 'android/content/res/Resources', 'android/util/TypedValue', integer, 'android/content/res/Resources$Theme', '[I', 'java/lang/String', 'java/lang/Object', 'android/content/res/XmlResourceParser', 'android/util/AttributeSet', integer, 'java/lang/String' }
    stack: { 'java/lang/Object' }
  Bytecode:
    0000000: b200 8bc7 000b 128d b800 93b3 008b b200
    0000010: 8b3a 0519 0511 0189 5c2e 0460 4f2c b401
    0000020: b1c7 002c 1905 1101 8a5c 2e04 604f bb04
    0000030: 4359 bb01 2359 b701 2413 0445 b601 2a2c
    0000040: b402 b9b6 0187 b601 34b7 0446 bf19 0511
    0000050: 018b 5c2e 0460 4f2c b401 b1b9 01b2 0100
    0000060: 3a06 1905 1101 8c5c 2e04 604f 013a 0719
    0000070: 0511 018d 5c2e 0460 4f14 01d6 1906 b801
    0000080: df19 0511 018e 5c2e 0460 4f19 0613 0393
    0000090: b603 9799 0178 1905 1101 8f5c 2e04 604f
    00000a0: 2a19 061d 2cb4 01af 1304 48b6 039b 3a08
    00000b0: 1905 1101 905c 2e04 604f 1908 b804 4e3a
    00000c0: 0919 0511 0191 5c2e 0460 4f19 08b9 0451
    00000d0: 0100 5936 0a05 9f00 0c15 0a04 9f00 06a7
    00000e0: ffe2 1905 1101 925c 2e04 604f 150a 059f
    00000f0: 0018 1905 1101 935c 2e04 604f bb03 d759
    0000100: 1304 53b7 0454 bf19 0511 0194 5c2e 0460
    0000110: 4f19 08b9 0457 0100 3a0b 1905 1101 955c
    0000120: 2e04 604f 190b 1304 59b6 019a 9900 1c19
    0000130: 0511 0196 5c2e 0460 4f2b 1908 1909 1904
    0000140: b804 5f3a 07a7 002e 1905 1101 975c 2e04
    0000150: 604f 190b 1304 61b6 019a 9900 1919 0511
    0000160: 0198 5c2e 0460 4f2b 1908 1909 1904 b804
    0000170: 643a 0719 0511 0199 5c2e 0460 4f19 08b9
    0000180: 03a2 0100 1905 1101 9a5c 2e04 604f a700
    0000190: d119 0511 019b 5c2e 0460 4f3a 0819 0511
    00001a0: 019c 5c2e 0460 4f14 01d6 b802 6919 0511
    00001b0: 019d 5c2e 0460 4fbb 0016 59bb 0123 59b7
    00001c0: 0124 1301 b8b6 012a 1906 b601 2a13 0466
    00001d0: b601 2a1d 1905 1101 9e5c 2e04 604f b801
    00001e0: 30b6 012a b601 34b7 0137 3a09 1905 1101
    00001f0: 9f5c 2e04 604f 1909 1908 b601 cc57 1905
    0000200: 1101 a05c 2e04 604f 1909 bf19 0511 01a1
    0000210: 5c2e 0460 4f14 01d6 b802 6919 0511 01a2
    0000220: 5c2e 0460 4fbb 0016 59bb 0123 59b7 0124
    0000230: 1301 b8b6 012a 1906 b601 2a13 01ba b601
    0000240: 2a1d 1905 1101 a35c 2e04 604f b801 30b6
    0000250: 012a 1304 30b6 012a b601 34b7 0137 bf19
    0000260: 0511 01a4 5c2e 0460 4f14 01d6 b802 6919
    0000270: 0511 01a5 5c2e 0460 4f19 07b0          
  Exception Handler Table:
    bci [150, 388] =&gt; handler: 401
  Stackmap Table:
    same_frame(@14)
    append_frame(@77,Object[#281])
    full_frame(@193,{Object[#2],Object[#24],Object[#428],Integer,Object[#27],Object[#281],Object[#207],Null,Object[#929],Object[#1131]},{})
    append_frame(@226,Integer)
    same_frame(@263)
    append_frame(@328,Object[#207])
    full_frame(@371,{Object[#2],Object[#24],Object[#428],Integer,Object[#27],Object[#281],Object[#207],Object[#4],Object[#929],Object[#1131],Integer,Object[#207]},{})
    full_frame(@401,{Object[#2],Object[#24],Object[#428],Integer,Object[#27],Object[#281],Object[#207],Object[#4]},{Object[#335]})
    full_frame(@523,{Object[#2],Object[#24],Object[#428],Integer,Object[#27],Object[#281],Object[#207],Null},{})
    full_frame(@607,{Object[#2],Object[#24],Object[#428],Integer,Object[#27],Object[#281],Object[#207],Object[#4],Object[#929],Object[#1131],Integer,Object[#207]},{})

	at android.content.res.Resources.__constructor__(Resources.java:228)
	at android.content.res.Resources.&lt;init&gt;(Resources.java:227)
	at org.robolectric.shadows.ShadowResources.getSystem(ShadowResources.java:85)
	at android.content.res.Resources.getSystem(Resources.java)
	at android.app.LoadedApk.__constructor__(LoadedApk.java:209)
	at android.app.LoadedApk.&lt;init&gt;(LoadedApk.java:188)
	at android.app.ContextImpl.createSystemContext(ContextImpl.java:2319)
	at java.base/jdk.internal.reflect.NativeMethodAccessorImpl.invoke0(Native Method)
	at java.base/jdk.internal.reflect.NativeMethodAccessorImpl.invoke(NativeMethodAccessorImpl.java:77)
	at java.base/jdk.internal.reflect.DelegatingMethodAccessorImpl.invoke(DelegatingMethodAccessorImpl.java:43)
	at org.robolectric.shadows.ShadowContextImpl$_ContextImpl_$$Reflector5.createSystemContext(Unknown Source)
	at org.robolectric.android.internal.AndroidTestEnvironment.installAndCreateApplication(AndroidTestEnvironment.java:298)
	at org.robolectric.android.internal.AndroidTestEnvironment.lambda$createApplicationSupplier$0(AndroidTestEnvironment.java:282)
	at org.robolectric.util.PerfStatsCollector.measure(PerfStatsCollector.java:53)
	at org.robolectric.android.internal.AndroidTestEnvironment.lambda$createApplicationSupplier$1(AndroidTestEnvironment.java:279)
	at com.google.common.base.Suppliers$NonSerializableMemoizingSupplier.get(Suppliers.java:183)
	at org.robolectric.RuntimeEnvironment.lambda$getApplication$0(RuntimeEnvironment.java:76)
	at org.robolectric.shadows.ShadowInstrumentation.runOnMainSyncNoIdle(ShadowInstrumentation.java:1190)
	at org.robolectric.RuntimeEnvironment.getApplication(RuntimeEnvironment.java:76)
	at org.robolectric.android.internal.AndroidTestEnvironment.setUpApplicationState(AndroidTestEnvironment.java:249)
	at org.robolectric.RobolectricTestRunner.beforeTest(RobolectricTestRunner.java:283)
	at org.robolectric.internal.SandboxTestRunner$2.lambda$evaluate$2(SandboxTestRunner.java:285)
	at org.robolectric.internal.bytecode.Sandbox.lambda$runOnMainThread$0(Sandbox.java:104)
	at java.base/java.util.concurrent.FutureTask.run(FutureTask.java:264)
	at java.base/java.util.concurrent.ThreadPoolExecutor.runWorker(ThreadPoolExecutor.java:1136)
	at java.base/java.util.concurrent.ThreadPoolExecutor$Worker.run(ThreadPoolExecutor.java:635)
	at java.base/java.lang.Thread.run(Thread.java:840)
</failure>
  </testcase>
  <testcase name="datastore_containsBooleanKey_true" classname="com.gpsamy.easydatastore.DataStoreHelperTest" time="0.04">
    <failure message="java.lang.VerifyError: Bad return type&#10;Exception Details:&#10;  Location:&#10;    android/content/res/ResourcesImpl.$$robo$$android_content_res_ResourcesImpl$loadComplexColorForCookie(Landroid/content/res/Resources;Landroid/util/TypedValue;ILandroid/content/res/Resources$Theme;)Landroid/content/res/ComplexColor; @635: areturn&#10;  Reason:&#10;    Type 'java/lang/Object' (current frame, stack[0]) is not assignable to 'android/content/res/ComplexColor' (from method signature)&#10;  Current Frame:&#10;    bci: @635&#10;    flags: { }&#10;    locals: { 'android/content/res/ResourcesImpl', 'android/content/res/Resources', 'android/util/TypedValue', integer, 'android/content/res/Resources$Theme', '[I', 'java/lang/String', 'java/lang/Object', 'android/content/res/XmlResourceParser', 'android/util/AttributeSet', integer, 'java/lang/String' }&#10;    stack: { 'java/lang/Object' }&#10;  Bytecode:&#10;    0000000: b200 8bc7 000b 128d b800 93b3 008b b200&#10;    0000010: 8b3a 0519 0511 0189 5c2e 0460 4f2c b401&#10;    0000020: b1c7 002c 1905 1101 8a5c 2e04 604f bb04&#10;    0000030: 4359 bb01 2359 b701 2413 0445 b601 2a2c&#10;    0000040: b402 b9b6 0187 b601 34b7 0446 bf19 0511&#10;    0000050: 018b 5c2e 0460 4f2c b401 b1b9 01b2 0100&#10;    0000060: 3a06 1905 1101 8c5c 2e04 604f 013a 0719&#10;    0000070: 0511 018d 5c2e 0460 4f14 01d6 1906 b801&#10;    0000080: df19 0511 018e 5c2e 0460 4f19 0613 0393&#10;    0000090: b603 9799 0178 1905 1101 8f5c 2e04 604f&#10;    00000a0: 2a19 061d 2cb4 01af 1304 48b6 039b 3a08&#10;    00000b0: 1905 1101 905c 2e04 604f 1908 b804 4e3a&#10;    00000c0: 0919 0511 0191 5c2e 0460 4f19 08b9 0451&#10;    00000d0: 0100 5936 0a05 9f00 0c15 0a04 9f00 06a7&#10;    00000e0: ffe2 1905 1101 925c 2e04 604f 150a 059f&#10;    00000f0: 0018 1905 1101 935c 2e04 604f bb03 d759&#10;    0000100: 1304 53b7 0454 bf19 0511 0194 5c2e 0460&#10;    0000110: 4f19 08b9 0457 0100 3a0b 1905 1101 955c&#10;    0000120: 2e04 604f 190b 1304 59b6 019a 9900 1c19&#10;    0000130: 0511 0196 5c2e 0460 4f2b 1908 1909 1904&#10;    0000140: b804 5f3a 07a7 002e 1905 1101 975c 2e04&#10;    0000150: 604f 190b 1304 61b6 019a 9900 1919 0511&#10;    0000160: 0198 5c2e 0460 4f2b 1908 1909 1904 b804&#10;    0000170: 643a 0719 0511 0199 5c2e 0460 4f19 08b9&#10;    0000180: 03a2 0100 1905 1101 9a5c 2e04 604f a700&#10;    0000190: d119 0511 019b 5c2e 0460 4f3a 0819 0511&#10;    00001a0: 019c 5c2e 0460 4f14 01d6 b802 6919 0511&#10;    00001b0: 019d 5c2e 0460 4fbb 0016 59bb 0123 59b7&#10;    00001c0: 0124 1301 b8b6 012a 1906 b601 2a13 0466&#10;    00001d0: b601 2a1d 1905 1101 9e5c 2e04 604f b801&#10;    00001e0: 30b6 012a b601 34b7 0137 3a09 1905 1101&#10;    00001f0: 9f5c 2e04 604f 1909 1908 b601 cc57 1905&#10;    0000200: 1101 a05c 2e04 604f 1909 bf19 0511 01a1&#10;    0000210: 5c2e 0460 4f14 01d6 b802 6919 0511 01a2&#10;    0000220: 5c2e 0460 4fbb 0016 59bb 0123 59b7 0124&#10;    0000230: 1301 b8b6 012a 1906 b601 2a13 01ba b601&#10;    0000240: 2a1d 1905 1101 a35c 2e04 604f b801 30b6&#10;    0000250: 012a 1304 30b6 012a b601 34b7 0137 bf19&#10;    0000260: 0511 01a4 5c2e 0460 4f14 01d6 b802 6919&#10;    0000270: 0511 01a5 5c2e 0460 4f19 07b0          &#10;  Exception Handler Table:&#10;    bci [150, 388] =&gt; handler: 401&#10;  Stackmap Table:&#10;    same_frame(@14)&#10;    append_frame(@77,Object[#281])&#10;    full_frame(@193,{Object[#2],Object[#24],Object[#428],Integer,Object[#27],Object[#281],Object[#207],Null,Object[#929],Object[#1131]},{})&#10;    append_frame(@226,Integer)&#10;    same_frame(@263)&#10;    append_frame(@328,Object[#207])&#10;    full_frame(@371,{Object[#2],Object[#24],Object[#428],Integer,Object[#27],Object[#281],Object[#207],Object[#4],Object[#929],Object[#1131],Integer,Object[#207]},{})&#10;    full_frame(@401,{Object[#2],Object[#24],Object[#428],Integer,Object[#27],Object[#281],Object[#207],Object[#4]},{Object[#335]})&#10;    full_frame(@523,{Object[#2],Object[#24],Object[#428],Integer,Object[#27],Object[#281],Object[#207],Null},{})&#10;    full_frame(@607,{Object[#2],Object[#24],Object[#428],Integer,Object[#27],Object[#281],Object[#207],Object[#4],Object[#929],Object[#1131],Integer,Object[#207]},{})&#10;" type="java.lang.VerifyError">java.lang.VerifyError: Bad return type
Exception Details:
  Location:
    android/content/res/ResourcesImpl.$$robo$$android_content_res_ResourcesImpl$loadComplexColorForCookie(Landroid/content/res/Resources;Landroid/util/TypedValue;ILandroid/content/res/Resources$Theme;)Landroid/content/res/ComplexColor; @635: areturn
  Reason:
    Type 'java/lang/Object' (current frame, stack[0]) is not assignable to 'android/content/res/ComplexColor' (from method signature)
  Current Frame:
    bci: @635
    flags: { }
    locals: { 'android/content/res/ResourcesImpl', 'android/content/res/Resources', 'android/util/TypedValue', integer, 'android/content/res/Resources$Theme', '[I', 'java/lang/String', 'java/lang/Object', 'android/content/res/XmlResourceParser', 'android/util/AttributeSet', integer, 'java/lang/String' }
    stack: { 'java/lang/Object' }
  Bytecode:
    0000000: b200 8bc7 000b 128d b800 93b3 008b b200
    0000010: 8b3a 0519 0511 0189 5c2e 0460 4f2c b401
    0000020: b1c7 002c 1905 1101 8a5c 2e04 604f bb04
    0000030: 4359 bb01 2359 b701 2413 0445 b601 2a2c
    0000040: b402 b9b6 0187 b601 34b7 0446 bf19 0511
    0000050: 018b 5c2e 0460 4f2c b401 b1b9 01b2 0100
    0000060: 3a06 1905 1101 8c5c 2e04 604f 013a 0719
    0000070: 0511 018d 5c2e 0460 4f14 01d6 1906 b801
    0000080: df19 0511 018e 5c2e 0460 4f19 0613 0393
    0000090: b603 9799 0178 1905 1101 8f5c 2e04 604f
    00000a0: 2a19 061d 2cb4 01af 1304 48b6 039b 3a08
    00000b0: 1905 1101 905c 2e04 604f 1908 b804 4e3a
    00000c0: 0919 0511 0191 5c2e 0460 4f19 08b9 0451
    00000d0: 0100 5936 0a05 9f00 0c15 0a04 9f00 06a7
    00000e0: ffe2 1905 1101 925c 2e04 604f 150a 059f
    00000f0: 0018 1905 1101 935c 2e04 604f bb03 d759
    0000100: 1304 53b7 0454 bf19 0511 0194 5c2e 0460
    0000110: 4f19 08b9 0457 0100 3a0b 1905 1101 955c
    0000120: 2e04 604f 190b 1304 59b6 019a 9900 1c19
    0000130: 0511 0196 5c2e 0460 4f2b 1908 1909 1904
    0000140: b804 5f3a 07a7 002e 1905 1101 975c 2e04
    0000150: 604f 190b 1304 61b6 019a 9900 1919 0511
    0000160: 0198 5c2e 0460 4f2b 1908 1909 1904 b804
    0000170: 643a 0719 0511 0199 5c2e 0460 4f19 08b9
    0000180: 03a2 0100 1905 1101 9a5c 2e04 604f a700
    0000190: d119 0511 019b 5c2e 0460 4f3a 0819 0511
    00001a0: 019c 5c2e 0460 4f14 01d6 b802 6919 0511
    00001b0: 019d 5c2e 0460 4fbb 0016 59bb 0123 59b7
    00001c0: 0124 1301 b8b6 012a 1906 b601 2a13 0466
    00001d0: b601 2a1d 1905 1101 9e5c 2e04 604f b801
    00001e0: 30b6 012a b601 34b7 0137 3a09 1905 1101
    00001f0: 9f5c 2e04 604f 1909 1908 b601 cc57 1905
    0000200: 1101 a05c 2e04 604f 1909 bf19 0511 01a1
    0000210: 5c2e 0460 4f14 01d6 b802 6919 0511 01a2
    0000220: 5c2e 0460 4fbb 0016 59bb 0123 59b7 0124
    0000230: 1301 b8b6 012a 1906 b601 2a13 01ba b601
    0000240: 2a1d 1905 1101 a35c 2e04 604f b801 30b6
    0000250: 012a 1304 30b6 012a b601 34b7 0137 bf19
    0000260: 0511 01a4 5c2e 0460 4f14 01d6 b802 6919
    0000270: 0511 01a5 5c2e 0460 4f19 07b0          
  Exception Handler Table:
    bci [150, 388] =&gt; handler: 401
  Stackmap Table:
    same_frame(@14)
    append_frame(@77,Object[#281])
    full_frame(@193,{Object[#2],Object[#24],Object[#428],Integer,Object[#27],Object[#281],Object[#207],Null,Object[#929],Object[#1131]},{})
    append_frame(@226,Integer)
    same_frame(@263)
    append_frame(@328,Object[#207])
    full_frame(@371,{Object[#2],Object[#24],Object[#428],Integer,Object[#27],Object[#281],Object[#207],Object[#4],Object[#929],Object[#1131],Integer,Object[#207]},{})
    full_frame(@401,{Object[#2],Object[#24],Object[#428],Integer,Object[#27],Object[#281],Object[#207],Object[#4]},{Object[#335]})
    full_frame(@523,{Object[#2],Object[#24],Object[#428],Integer,Object[#27],Object[#281],Object[#207],Null},{})
    full_frame(@607,{Object[#2],Object[#24],Object[#428],Integer,Object[#27],Object[#281],Object[#207],Object[#4],Object[#929],Object[#1131],Integer,Object[#207]},{})

	at android.content.res.Resources.__constructor__(Resources.java:228)
	at android.content.res.Resources.&lt;init&gt;(Resources.java:227)
	at org.robolectric.shadows.ShadowResources.getSystem(ShadowResources.java:85)
	at android.content.res.Resources.getSystem(Resources.java)
	at android.app.LoadedApk.__constructor__(LoadedApk.java:209)
	at android.app.LoadedApk.&lt;init&gt;(LoadedApk.java:188)
	at android.app.ContextImpl.createSystemContext(ContextImpl.java:2319)
	at java.base/jdk.internal.reflect.NativeMethodAccessorImpl.invoke0(Native Method)
	at java.base/jdk.internal.reflect.NativeMethodAccessorImpl.invoke(NativeMethodAccessorImpl.java:77)
	at java.base/jdk.internal.reflect.DelegatingMethodAccessorImpl.invoke(DelegatingMethodAccessorImpl.java:43)
	at org.robolectric.shadows.ShadowContextImpl$_ContextImpl_$$Reflector5.createSystemContext(Unknown Source)
	at org.robolectric.android.internal.AndroidTestEnvironment.installAndCreateApplication(AndroidTestEnvironment.java:298)
	at org.robolectric.android.internal.AndroidTestEnvironment.lambda$createApplicationSupplier$0(AndroidTestEnvironment.java:282)
	at org.robolectric.util.PerfStatsCollector.measure(PerfStatsCollector.java:53)
	at org.robolectric.android.internal.AndroidTestEnvironment.lambda$createApplicationSupplier$1(AndroidTestEnvironment.java:279)
	at com.google.common.base.Suppliers$NonSerializableMemoizingSupplier.get(Suppliers.java:183)
	at org.robolectric.RuntimeEnvironment.lambda$getApplication$0(RuntimeEnvironment.java:76)
	at org.robolectric.shadows.ShadowInstrumentation.runOnMainSyncNoIdle(ShadowInstrumentation.java:1190)
	at org.robolectric.RuntimeEnvironment.getApplication(RuntimeEnvironment.java:76)
	at org.robolectric.android.internal.AndroidTestEnvironment.setUpApplicationState(AndroidTestEnvironment.java:249)
	at org.robolectric.RobolectricTestRunner.beforeTest(RobolectricTestRunner.java:283)
	at org.robolectric.internal.SandboxTestRunner$2.lambda$evaluate$2(SandboxTestRunner.java:285)
	at org.robolectric.internal.bytecode.Sandbox.lambda$runOnMainThread$0(Sandbox.java:104)
	at java.base/java.util.concurrent.FutureTask.run(FutureTask.java:264)
	at java.base/java.util.concurrent.ThreadPoolExecutor.runWorker(ThreadPoolExecutor.java:1136)
	at java.base/java.util.concurrent.ThreadPoolExecutor$Worker.run(ThreadPoolExecutor.java:635)
	at java.base/java.lang.Thread.run(Thread.java:840)
</failure>
  </testcase>
  <testcase name="datastore_containsIntFloat_false" classname="com.gpsamy.easydatastore.DataStoreHelperTest" time="0.035">
    <failure message="java.lang.VerifyError: Bad return type&#10;Exception Details:&#10;  Location:&#10;    android/content/res/ResourcesImpl.$$robo$$android_content_res_ResourcesImpl$loadComplexColorForCookie(Landroid/content/res/Resources;Landroid/util/TypedValue;ILandroid/content/res/Resources$Theme;)Landroid/content/res/ComplexColor; @635: areturn&#10;  Reason:&#10;    Type 'java/lang/Object' (current frame, stack[0]) is not assignable to 'android/content/res/ComplexColor' (from method signature)&#10;  Current Frame:&#10;    bci: @635&#10;    flags: { }&#10;    locals: { 'android/content/res/ResourcesImpl', 'android/content/res/Resources', 'android/util/TypedValue', integer, 'android/content/res/Resources$Theme', '[I', 'java/lang/String', 'java/lang/Object', 'android/content/res/XmlResourceParser', 'android/util/AttributeSet', integer, 'java/lang/String' }&#10;    stack: { 'java/lang/Object' }&#10;  Bytecode:&#10;    0000000: b200 8bc7 000b 128d b800 93b3 008b b200&#10;    0000010: 8b3a 0519 0511 0189 5c2e 0460 4f2c b401&#10;    0000020: b1c7 002c 1905 1101 8a5c 2e04 604f bb04&#10;    0000030: 4359 bb01 2359 b701 2413 0445 b601 2a2c&#10;    0000040: b402 b9b6 0187 b601 34b7 0446 bf19 0511&#10;    0000050: 018b 5c2e 0460 4f2c b401 b1b9 01b2 0100&#10;    0000060: 3a06 1905 1101 8c5c 2e04 604f 013a 0719&#10;    0000070: 0511 018d 5c2e 0460 4f14 01d6 1906 b801&#10;    0000080: df19 0511 018e 5c2e 0460 4f19 0613 0393&#10;    0000090: b603 9799 0178 1905 1101 8f5c 2e04 604f&#10;    00000a0: 2a19 061d 2cb4 01af 1304 48b6 039b 3a08&#10;    00000b0: 1905 1101 905c 2e04 604f 1908 b804 4e3a&#10;    00000c0: 0919 0511 0191 5c2e 0460 4f19 08b9 0451&#10;    00000d0: 0100 5936 0a05 9f00 0c15 0a04 9f00 06a7&#10;    00000e0: ffe2 1905 1101 925c 2e04 604f 150a 059f&#10;    00000f0: 0018 1905 1101 935c 2e04 604f bb03 d759&#10;    0000100: 1304 53b7 0454 bf19 0511 0194 5c2e 0460&#10;    0000110: 4f19 08b9 0457 0100 3a0b 1905 1101 955c&#10;    0000120: 2e04 604f 190b 1304 59b6 019a 9900 1c19&#10;    0000130: 0511 0196 5c2e 0460 4f2b 1908 1909 1904&#10;    0000140: b804 5f3a 07a7 002e 1905 1101 975c 2e04&#10;    0000150: 604f 190b 1304 61b6 019a 9900 1919 0511&#10;    0000160: 0198 5c2e 0460 4f2b 1908 1909 1904 b804&#10;    0000170: 643a 0719 0511 0199 5c2e 0460 4f19 08b9&#10;    0000180: 03a2 0100 1905 1101 9a5c 2e04 604f a700&#10;    0000190: d119 0511 019b 5c2e 0460 4f3a 0819 0511&#10;    00001a0: 019c 5c2e 0460 4f14 01d6 b802 6919 0511&#10;    00001b0: 019d 5c2e 0460 4fbb 0016 59bb 0123 59b7&#10;    00001c0: 0124 1301 b8b6 012a 1906 b601 2a13 0466&#10;    00001d0: b601 2a1d 1905 1101 9e5c 2e04 604f b801&#10;    00001e0: 30b6 012a b601 34b7 0137 3a09 1905 1101&#10;    00001f0: 9f5c 2e04 604f 1909 1908 b601 cc57 1905&#10;    0000200: 1101 a05c 2e04 604f 1909 bf19 0511 01a1&#10;    0000210: 5c2e 0460 4f14 01d6 b802 6919 0511 01a2&#10;    0000220: 5c2e 0460 4fbb 0016 59bb 0123 59b7 0124&#10;    0000230: 1301 b8b6 012a 1906 b601 2a13 01ba b601&#10;    0000240: 2a1d 1905 1101 a35c 2e04 604f b801 30b6&#10;    0000250: 012a 1304 30b6 012a b601 34b7 0137 bf19&#10;    0000260: 0511 01a4 5c2e 0460 4f14 01d6 b802 6919&#10;    0000270: 0511 01a5 5c2e 0460 4f19 07b0          &#10;  Exception Handler Table:&#10;    bci [150, 388] =&gt; handler: 401&#10;  Stackmap Table:&#10;    same_frame(@14)&#10;    append_frame(@77,Object[#281])&#10;    full_frame(@193,{Object[#2],Object[#24],Object[#428],Integer,Object[#27],Object[#281],Object[#207],Null,Object[#929],Object[#1131]},{})&#10;    append_frame(@226,Integer)&#10;    same_frame(@263)&#10;    append_frame(@328,Object[#207])&#10;    full_frame(@371,{Object[#2],Object[#24],Object[#428],Integer,Object[#27],Object[#281],Object[#207],Object[#4],Object[#929],Object[#1131],Integer,Object[#207]},{})&#10;    full_frame(@401,{Object[#2],Object[#24],Object[#428],Integer,Object[#27],Object[#281],Object[#207],Object[#4]},{Object[#335]})&#10;    full_frame(@523,{Object[#2],Object[#24],Object[#428],Integer,Object[#27],Object[#281],Object[#207],Null},{})&#10;    full_frame(@607,{Object[#2],Object[#24],Object[#428],Integer,Object[#27],Object[#281],Object[#207],Object[#4],Object[#929],Object[#1131],Integer,Object[#207]},{})&#10;" type="java.lang.VerifyError">java.lang.VerifyError: Bad return type
Exception Details:
  Location:
    android/content/res/ResourcesImpl.$$robo$$android_content_res_ResourcesImpl$loadComplexColorForCookie(Landroid/content/res/Resources;Landroid/util/TypedValue;ILandroid/content/res/Resources$Theme;)Landroid/content/res/ComplexColor; @635: areturn
  Reason:
    Type 'java/lang/Object' (current frame, stack[0]) is not assignable to 'android/content/res/ComplexColor' (from method signature)
  Current Frame:
    bci: @635
    flags: { }
    locals: { 'android/content/res/ResourcesImpl', 'android/content/res/Resources', 'android/util/TypedValue', integer, 'android/content/res/Resources$Theme', '[I', 'java/lang/String', 'java/lang/Object', 'android/content/res/XmlResourceParser', 'android/util/AttributeSet', integer, 'java/lang/String' }
    stack: { 'java/lang/Object' }
  Bytecode:
    0000000: b200 8bc7 000b 128d b800 93b3 008b b200
    0000010: 8b3a 0519 0511 0189 5c2e 0460 4f2c b401
    0000020: b1c7 002c 1905 1101 8a5c 2e04 604f bb04
    0000030: 4359 bb01 2359 b701 2413 0445 b601 2a2c
    0000040: b402 b9b6 0187 b601 34b7 0446 bf19 0511
    0000050: 018b 5c2e 0460 4f2c b401 b1b9 01b2 0100
    0000060: 3a06 1905 1101 8c5c 2e04 604f 013a 0719
    0000070: 0511 018d 5c2e 0460 4f14 01d6 1906 b801
    0000080: df19 0511 018e 5c2e 0460 4f19 0613 0393
    0000090: b603 9799 0178 1905 1101 8f5c 2e04 604f
    00000a0: 2a19 061d 2cb4 01af 1304 48b6 039b 3a08
    00000b0: 1905 1101 905c 2e04 604f 1908 b804 4e3a
    00000c0: 0919 0511 0191 5c2e 0460 4f19 08b9 0451
    00000d0: 0100 5936 0a05 9f00 0c15 0a04 9f00 06a7
    00000e0: ffe2 1905 1101 925c 2e04 604f 150a 059f
    00000f0: 0018 1905 1101 935c 2e04 604f bb03 d759
    0000100: 1304 53b7 0454 bf19 0511 0194 5c2e 0460
    0000110: 4f19 08b9 0457 0100 3a0b 1905 1101 955c
    0000120: 2e04 604f 190b 1304 59b6 019a 9900 1c19
    0000130: 0511 0196 5c2e 0460 4f2b 1908 1909 1904
    0000140: b804 5f3a 07a7 002e 1905 1101 975c 2e04
    0000150: 604f 190b 1304 61b6 019a 9900 1919 0511
    0000160: 0198 5c2e 0460 4f2b 1908 1909 1904 b804
    0000170: 643a 0719 0511 0199 5c2e 0460 4f19 08b9
    0000180: 03a2 0100 1905 1101 9a5c 2e04 604f a700
    0000190: d119 0511 019b 5c2e 0460 4f3a 0819 0511
    00001a0: 019c 5c2e 0460 4f14 01d6 b802 6919 0511
    00001b0: 019d 5c2e 0460 4fbb 0016 59bb 0123 59b7
    00001c0: 0124 1301 b8b6 012a 1906 b601 2a13 0466
    00001d0: b601 2a1d 1905 1101 9e5c 2e04 604f b801
    00001e0: 30b6 012a b601 34b7 0137 3a09 1905 1101
    00001f0: 9f5c 2e04 604f 1909 1908 b601 cc57 1905
    0000200: 1101 a05c 2e04 604f 1909 bf19 0511 01a1
    0000210: 5c2e 0460 4f14 01d6 b802 6919 0511 01a2
    0000220: 5c2e 0460 4fbb 0016 59bb 0123 59b7 0124
    0000230: 1301 b8b6 012a 1906 b601 2a13 01ba b601
    0000240: 2a1d 1905 1101 a35c 2e04 604f b801 30b6
    0000250: 012a 1304 30b6 012a b601 34b7 0137 bf19
    0000260: 0511 01a4 5c2e 0460 4f14 01d6 b802 6919
    0000270: 0511 01a5 5c2e 0460 4f19 07b0          
  Exception Handler Table:
    bci [150, 388] =&gt; handler: 401
  Stackmap Table:
    same_frame(@14)
    append_frame(@77,Object[#281])
    full_frame(@193,{Object[#2],Object[#24],Object[#428],Integer,Object[#27],Object[#281],Object[#207],Null,Object[#929],Object[#1131]},{})
    append_frame(@226,Integer)
    same_frame(@263)
    append_frame(@328,Object[#207])
    full_frame(@371,{Object[#2],Object[#24],Object[#428],Integer,Object[#27],Object[#281],Object[#207],Object[#4],Object[#929],Object[#1131],Integer,Object[#207]},{})
    full_frame(@401,{Object[#2],Object[#24],Object[#428],Integer,Object[#27],Object[#281],Object[#207],Object[#4]},{Object[#335]})
    full_frame(@523,{Object[#2],Object[#24],Object[#428],Integer,Object[#27],Object[#281],Object[#207],Null},{})
    full_frame(@607,{Object[#2],Object[#24],Object[#428],Integer,Object[#27],Object[#281],Object[#207],Object[#4],Object[#929],Object[#1131],Integer,Object[#207]},{})

	at android.content.res.Resources.__constructor__(Resources.java:228)
	at android.content.res.Resources.&lt;init&gt;(Resources.java:227)
	at org.robolectric.shadows.ShadowResources.getSystem(ShadowResources.java:85)
	at android.content.res.Resources.getSystem(Resources.java)
	at android.app.LoadedApk.__constructor__(LoadedApk.java:209)
	at android.app.LoadedApk.&lt;init&gt;(LoadedApk.java:188)
	at android.app.ContextImpl.createSystemContext(ContextImpl.java:2319)
	at java.base/jdk.internal.reflect.NativeMethodAccessorImpl.invoke0(Native Method)
	at java.base/jdk.internal.reflect.NativeMethodAccessorImpl.invoke(NativeMethodAccessorImpl.java:77)
	at java.base/jdk.internal.reflect.DelegatingMethodAccessorImpl.invoke(DelegatingMethodAccessorImpl.java:43)
	at org.robolectric.shadows.ShadowContextImpl$_ContextImpl_$$Reflector5.createSystemContext(Unknown Source)
	at org.robolectric.android.internal.AndroidTestEnvironment.installAndCreateApplication(AndroidTestEnvironment.java:298)
	at org.robolectric.android.internal.AndroidTestEnvironment.lambda$createApplicationSupplier$0(AndroidTestEnvironment.java:282)
	at org.robolectric.util.PerfStatsCollector.measure(PerfStatsCollector.java:53)
	at org.robolectric.android.internal.AndroidTestEnvironment.lambda$createApplicationSupplier$1(AndroidTestEnvironment.java:279)
	at com.google.common.base.Suppliers$NonSerializableMemoizingSupplier.get(Suppliers.java:183)
	at org.robolectric.RuntimeEnvironment.lambda$getApplication$0(RuntimeEnvironment.java:76)
	at org.robolectric.shadows.ShadowInstrumentation.runOnMainSyncNoIdle(ShadowInstrumentation.java:1190)
	at org.robolectric.RuntimeEnvironment.getApplication(RuntimeEnvironment.java:76)
	at org.robolectric.android.internal.AndroidTestEnvironment.setUpApplicationState(AndroidTestEnvironment.java:249)
	at org.robolectric.RobolectricTestRunner.beforeTest(RobolectricTestRunner.java:283)
	at org.robolectric.internal.SandboxTestRunner$2.lambda$evaluate$2(SandboxTestRunner.java:285)
	at org.robolectric.internal.bytecode.Sandbox.lambda$runOnMainThread$0(Sandbox.java:104)
	at java.base/java.util.concurrent.FutureTask.run(FutureTask.java:264)
	at java.base/java.util.concurrent.ThreadPoolExecutor.runWorker(ThreadPoolExecutor.java:1136)
	at java.base/java.util.concurrent.ThreadPoolExecutor$Worker.run(ThreadPoolExecutor.java:635)
	at java.base/java.lang.Thread.run(Thread.java:840)
</failure>
  </testcase>
  <testcase name="datastore_containsIntFloat_true" classname="com.gpsamy.easydatastore.DataStoreHelperTest" time="0.038">
    <failure message="java.lang.VerifyError: Bad return type&#10;Exception Details:&#10;  Location:&#10;    android/content/res/ResourcesImpl.$$robo$$android_content_res_ResourcesImpl$loadComplexColorForCookie(Landroid/content/res/Resources;Landroid/util/TypedValue;ILandroid/content/res/Resources$Theme;)Landroid/content/res/ComplexColor; @635: areturn&#10;  Reason:&#10;    Type 'java/lang/Object' (current frame, stack[0]) is not assignable to 'android/content/res/ComplexColor' (from method signature)&#10;  Current Frame:&#10;    bci: @635&#10;    flags: { }&#10;    locals: { 'android/content/res/ResourcesImpl', 'android/content/res/Resources', 'android/util/TypedValue', integer, 'android/content/res/Resources$Theme', '[I', 'java/lang/String', 'java/lang/Object', 'android/content/res/XmlResourceParser', 'android/util/AttributeSet', integer, 'java/lang/String' }&#10;    stack: { 'java/lang/Object' }&#10;  Bytecode:&#10;    0000000: b200 8bc7 000b 128d b800 93b3 008b b200&#10;    0000010: 8b3a 0519 0511 0189 5c2e 0460 4f2c b401&#10;    0000020: b1c7 002c 1905 1101 8a5c 2e04 604f bb04&#10;    0000030: 4359 bb01 2359 b701 2413 0445 b601 2a2c&#10;    0000040: b402 b9b6 0187 b601 34b7 0446 bf19 0511&#10;    0000050: 018b 5c2e 0460 4f2c b401 b1b9 01b2 0100&#10;    0000060: 3a06 1905 1101 8c5c 2e04 604f 013a 0719&#10;    0000070: 0511 018d 5c2e 0460 4f14 01d6 1906 b801&#10;    0000080: df19 0511 018e 5c2e 0460 4f19 0613 0393&#10;    0000090: b603 9799 0178 1905 1101 8f5c 2e04 604f&#10;    00000a0: 2a19 061d 2cb4 01af 1304 48b6 039b 3a08&#10;    00000b0: 1905 1101 905c 2e04 604f 1908 b804 4e3a&#10;    00000c0: 0919 0511 0191 5c2e 0460 4f19 08b9 0451&#10;    00000d0: 0100 5936 0a05 9f00 0c15 0a04 9f00 06a7&#10;    00000e0: ffe2 1905 1101 925c 2e04 604f 150a 059f&#10;    00000f0: 0018 1905 1101 935c 2e04 604f bb03 d759&#10;    0000100: 1304 53b7 0454 bf19 0511 0194 5c2e 0460&#10;    0000110: 4f19 08b9 0457 0100 3a0b 1905 1101 955c&#10;    0000120: 2e04 604f 190b 1304 59b6 019a 9900 1c19&#10;    0000130: 0511 0196 5c2e 0460 4f2b 1908 1909 1904&#10;    0000140: b804 5f3a 07a7 002e 1905 1101 975c 2e04&#10;    0000150: 604f 190b 1304 61b6 019a 9900 1919 0511&#10;    0000160: 0198 5c2e 0460 4f2b 1908 1909 1904 b804&#10;    0000170: 643a 0719 0511 0199 5c2e 0460 4f19 08b9&#10;    0000180: 03a2 0100 1905 1101 9a5c 2e04 604f a700&#10;    0000190: d119 0511 019b 5c2e 0460 4f3a 0819 0511&#10;    00001a0: 019c 5c2e 0460 4f14 01d6 b802 6919 0511&#10;    00001b0: 019d 5c2e 0460 4fbb 0016 59bb 0123 59b7&#10;    00001c0: 0124 1301 b8b6 012a 1906 b601 2a13 0466&#10;    00001d0: b601 2a1d 1905 1101 9e5c 2e04 604f b801&#10;    00001e0: 30b6 012a b601 34b7 0137 3a09 1905 1101&#10;    00001f0: 9f5c 2e04 604f 1909 1908 b601 cc57 1905&#10;    0000200: 1101 a05c 2e04 604f 1909 bf19 0511 01a1&#10;    0000210: 5c2e 0460 4f14 01d6 b802 6919 0511 01a2&#10;    0000220: 5c2e 0460 4fbb 0016 59bb 0123 59b7 0124&#10;    0000230: 1301 b8b6 012a 1906 b601 2a13 01ba b601&#10;    0000240: 2a1d 1905 1101 a35c 2e04 604f b801 30b6&#10;    0000250: 012a 1304 30b6 012a b601 34b7 0137 bf19&#10;    0000260: 0511 01a4 5c2e 0460 4f14 01d6 b802 6919&#10;    0000270: 0511 01a5 5c2e 0460 4f19 07b0          &#10;  Exception Handler Table:&#10;    bci [150, 388] =&gt; handler: 401&#10;  Stackmap Table:&#10;    same_frame(@14)&#10;    append_frame(@77,Object[#281])&#10;    full_frame(@193,{Object[#2],Object[#24],Object[#428],Integer,Object[#27],Object[#281],Object[#207],Null,Object[#929],Object[#1131]},{})&#10;    append_frame(@226,Integer)&#10;    same_frame(@263)&#10;    append_frame(@328,Object[#207])&#10;    full_frame(@371,{Object[#2],Object[#24],Object[#428],Integer,Object[#27],Object[#281],Object[#207],Object[#4],Object[#929],Object[#1131],Integer,Object[#207]},{})&#10;    full_frame(@401,{Object[#2],Object[#24],Object[#428],Integer,Object[#27],Object[#281],Object[#207],Object[#4]},{Object[#335]})&#10;    full_frame(@523,{Object[#2],Object[#24],Object[#428],Integer,Object[#27],Object[#281],Object[#207],Null},{})&#10;    full_frame(@607,{Object[#2],Object[#24],Object[#428],Integer,Object[#27],Object[#281],Object[#207],Object[#4],Object[#929],Object[#1131],Integer,Object[#207]},{})&#10;" type="java.lang.VerifyError">java.lang.VerifyError: Bad return type
Exception Details:
  Location:
    android/content/res/ResourcesImpl.$$robo$$android_content_res_ResourcesImpl$loadComplexColorForCookie(Landroid/content/res/Resources;Landroid/util/TypedValue;ILandroid/content/res/Resources$Theme;)Landroid/content/res/ComplexColor; @635: areturn
  Reason:
    Type 'java/lang/Object' (current frame, stack[0]) is not assignable to 'android/content/res/ComplexColor' (from method signature)
  Current Frame:
    bci: @635
    flags: { }
    locals: { 'android/content/res/ResourcesImpl', 'android/content/res/Resources', 'android/util/TypedValue', integer, 'android/content/res/Resources$Theme', '[I', 'java/lang/String', 'java/lang/Object', 'android/content/res/XmlResourceParser', 'android/util/AttributeSet', integer, 'java/lang/String' }
    stack: { 'java/lang/Object' }
  Bytecode:
    0000000: b200 8bc7 000b 128d b800 93b3 008b b200
    0000010: 8b3a 0519 0511 0189 5c2e 0460 4f2c b401
    0000020: b1c7 002c 1905 1101 8a5c 2e04 604f bb04
    0000030: 4359 bb01 2359 b701 2413 0445 b601 2a2c
    0000040: b402 b9b6 0187 b601 34b7 0446 bf19 0511
    0000050: 018b 5c2e 0460 4f2c b401 b1b9 01b2 0100
    0000060: 3a06 1905 1101 8c5c 2e04 604f 013a 0719
    0000070: 0511 018d 5c2e 0460 4f14 01d6 1906 b801
    0000080: df19 0511 018e 5c2e 0460 4f19 0613 0393
    0000090: b603 9799 0178 1905 1101 8f5c 2e04 604f
    00000a0: 2a19 061d 2cb4 01af 1304 48b6 039b 3a08
    00000b0: 1905 1101 905c 2e04 604f 1908 b804 4e3a
    00000c0: 0919 0511 0191 5c2e 0460 4f19 08b9 0451
    00000d0: 0100 5936 0a05 9f00 0c15 0a04 9f00 06a7
    00000e0: ffe2 1905 1101 925c 2e04 604f 150a 059f
    00000f0: 0018 1905 1101 935c 2e04 604f bb03 d759
    0000100: 1304 53b7 0454 bf19 0511 0194 5c2e 0460
    0000110: 4f19 08b9 0457 0100 3a0b 1905 1101 955c
    0000120: 2e04 604f 190b 1304 59b6 019a 9900 1c19
    0000130: 0511 0196 5c2e 0460 4f2b 1908 1909 1904
    0000140: b804 5f3a 07a7 002e 1905 1101 975c 2e04
    0000150: 604f 190b 1304 61b6 019a 9900 1919 0511
    0000160: 0198 5c2e 0460 4f2b 1908 1909 1904 b804
    0000170: 643a 0719 0511 0199 5c2e 0460 4f19 08b9
    0000180: 03a2 0100 1905 1101 9a5c 2e04 604f a700
    0000190: d119 0511 019b 5c2e 0460 4f3a 0819 0511
    00001a0: 019c 5c2e 0460 4f14 01d6 b802 6919 0511
    00001b0: 019d 5c2e 0460 4fbb 0016 59bb 0123 59b7
    00001c0: 0124 1301 b8b6 012a 1906 b601 2a13 0466
    00001d0: b601 2a1d 1905 1101 9e5c 2e04 604f b801
    00001e0: 30b6 012a b601 34b7 0137 3a09 1905 1101
    00001f0: 9f5c 2e04 604f 1909 1908 b601 cc57 1905
    0000200: 1101 a05c 2e04 604f 1909 bf19 0511 01a1
    0000210: 5c2e 0460 4f14 01d6 b802 6919 0511 01a2
    0000220: 5c2e 0460 4fbb 0016 59bb 0123 59b7 0124
    0000230: 1301 b8b6 012a 1906 b601 2a13 01ba b601
    0000240: 2a1d 1905 1101 a35c 2e04 604f b801 30b6
    0000250: 012a 1304 30b6 012a b601 34b7 0137 bf19
    0000260: 0511 01a4 5c2e 0460 4f14 01d6 b802 6919
    0000270: 0511 01a5 5c2e 0460 4f19 07b0          
  Exception Handler Table:
    bci [150, 388] =&gt; handler: 401
  Stackmap Table:
    same_frame(@14)
    append_frame(@77,Object[#281])
    full_frame(@193,{Object[#2],Object[#24],Object[#428],Integer,Object[#27],Object[#281],Object[#207],Null,Object[#929],Object[#1131]},{})
    append_frame(@226,Integer)
    same_frame(@263)
    append_frame(@328,Object[#207])
    full_frame(@371,{Object[#2],Object[#24],Object[#428],Integer,Object[#27],Object[#281],Object[#207],Object[#4],Object[#929],Object[#1131],Integer,Object[#207]},{})
    full_frame(@401,{Object[#2],Object[#24],Object[#428],Integer,Object[#27],Object[#281],Object[#207],Object[#4]},{Object[#335]})
    full_frame(@523,{Object[#2],Object[#24],Object[#428],Integer,Object[#27],Object[#281],Object[#207],Null},{})
    full_frame(@607,{Object[#2],Object[#24],Object[#428],Integer,Object[#27],Object[#281],Object[#207],Object[#4],Object[#929],Object[#1131],Integer,Object[#207]},{})

	at android.content.res.Resources.__constructor__(Resources.java:228)
	at android.content.res.Resources.&lt;init&gt;(Resources.java:227)
	at org.robolectric.shadows.ShadowResources.getSystem(ShadowResources.java:85)
	at android.content.res.Resources.getSystem(Resources.java)
	at android.app.LoadedApk.__constructor__(LoadedApk.java:209)
	at android.app.LoadedApk.&lt;init&gt;(LoadedApk.java:188)
	at android.app.ContextImpl.createSystemContext(ContextImpl.java:2319)
	at java.base/jdk.internal.reflect.NativeMethodAccessorImpl.invoke0(Native Method)
	at java.base/jdk.internal.reflect.NativeMethodAccessorImpl.invoke(NativeMethodAccessorImpl.java:77)
	at java.base/jdk.internal.reflect.DelegatingMethodAccessorImpl.invoke(DelegatingMethodAccessorImpl.java:43)
	at org.robolectric.shadows.ShadowContextImpl$_ContextImpl_$$Reflector5.createSystemContext(Unknown Source)
	at org.robolectric.android.internal.AndroidTestEnvironment.installAndCreateApplication(AndroidTestEnvironment.java:298)
	at org.robolectric.android.internal.AndroidTestEnvironment.lambda$createApplicationSupplier$0(AndroidTestEnvironment.java:282)
	at org.robolectric.util.PerfStatsCollector.measure(PerfStatsCollector.java:53)
	at org.robolectric.android.internal.AndroidTestEnvironment.lambda$createApplicationSupplier$1(AndroidTestEnvironment.java:279)
	at com.google.common.base.Suppliers$NonSerializableMemoizingSupplier.get(Suppliers.java:183)
	at org.robolectric.RuntimeEnvironment.lambda$getApplication$0(RuntimeEnvironment.java:76)
	at org.robolectric.shadows.ShadowInstrumentation.runOnMainSyncNoIdle(ShadowInstrumentation.java:1190)
	at org.robolectric.RuntimeEnvironment.getApplication(RuntimeEnvironment.java:76)
	at org.robolectric.android.internal.AndroidTestEnvironment.setUpApplicationState(AndroidTestEnvironment.java:249)
	at org.robolectric.RobolectricTestRunner.beforeTest(RobolectricTestRunner.java:283)
	at org.robolectric.internal.SandboxTestRunner$2.lambda$evaluate$2(SandboxTestRunner.java:285)
	at org.robolectric.internal.bytecode.Sandbox.lambda$runOnMainThread$0(Sandbox.java:104)
	at java.base/java.util.concurrent.FutureTask.run(FutureTask.java:264)
	at java.base/java.util.concurrent.ThreadPoolExecutor.runWorker(ThreadPoolExecutor.java:1136)
	at java.base/java.util.concurrent.ThreadPoolExecutor$Worker.run(ThreadPoolExecutor.java:635)
	at java.base/java.lang.Thread.run(Thread.java:840)
</failure>
  </testcase>
  <testcase name="datastore_containsIntKey_false" classname="com.gpsamy.easydatastore.DataStoreHelperTest" time="0.065">
    <failure message="java.lang.VerifyError: Bad return type&#10;Exception Details:&#10;  Location:&#10;    android/content/res/ResourcesImpl.$$robo$$android_content_res_ResourcesImpl$loadComplexColorForCookie(Landroid/content/res/Resources;Landroid/util/TypedValue;ILandroid/content/res/Resources$Theme;)Landroid/content/res/ComplexColor; @635: areturn&#10;  Reason:&#10;    Type 'java/lang/Object' (current frame, stack[0]) is not assignable to 'android/content/res/ComplexColor' (from method signature)&#10;  Current Frame:&#10;    bci: @635&#10;    flags: { }&#10;    locals: { 'android/content/res/ResourcesImpl', 'android/content/res/Resources', 'android/util/TypedValue', integer, 'android/content/res/Resources$Theme', '[I', 'java/lang/String', 'java/lang/Object', 'android/content/res/XmlResourceParser', 'android/util/AttributeSet', integer, 'java/lang/String' }&#10;    stack: { 'java/lang/Object' }&#10;  Bytecode:&#10;    0000000: b200 8bc7 000b 128d b800 93b3 008b b200&#10;    0000010: 8b3a 0519 0511 0189 5c2e 0460 4f2c b401&#10;    0000020: b1c7 002c 1905 1101 8a5c 2e04 604f bb04&#10;    0000030: 4359 bb01 2359 b701 2413 0445 b601 2a2c&#10;    0000040: b402 b9b6 0187 b601 34b7 0446 bf19 0511&#10;    0000050: 018b 5c2e 0460 4f2c b401 b1b9 01b2 0100&#10;    0000060: 3a06 1905 1101 8c5c 2e04 604f 013a 0719&#10;    0000070: 0511 018d 5c2e 0460 4f14 01d6 1906 b801&#10;    0000080: df19 0511 018e 5c2e 0460 4f19 0613 0393&#10;    0000090: b603 9799 0178 1905 1101 8f5c 2e04 604f&#10;    00000a0: 2a19 061d 2cb4 01af 1304 48b6 039b 3a08&#10;    00000b0: 1905 1101 905c 2e04 604f 1908 b804 4e3a&#10;    00000c0: 0919 0511 0191 5c2e 0460 4f19 08b9 0451&#10;    00000d0: 0100 5936 0a05 9f00 0c15 0a04 9f00 06a7&#10;    00000e0: ffe2 1905 1101 925c 2e04 604f 150a 059f&#10;    00000f0: 0018 1905 1101 935c 2e04 604f bb03 d759&#10;    0000100: 1304 53b7 0454 bf19 0511 0194 5c2e 0460&#10;    0000110: 4f19 08b9 0457 0100 3a0b 1905 1101 955c&#10;    0000120: 2e04 604f 190b 1304 59b6 019a 9900 1c19&#10;    0000130: 0511 0196 5c2e 0460 4f2b 1908 1909 1904&#10;    0000140: b804 5f3a 07a7 002e 1905 1101 975c 2e04&#10;    0000150: 604f 190b 1304 61b6 019a 9900 1919 0511&#10;    0000160: 0198 5c2e 0460 4f2b 1908 1909 1904 b804&#10;    0000170: 643a 0719 0511 0199 5c2e 0460 4f19 08b9&#10;    0000180: 03a2 0100 1905 1101 9a5c 2e04 604f a700&#10;    0000190: d119 0511 019b 5c2e 0460 4f3a 0819 0511&#10;    00001a0: 019c 5c2e 0460 4f14 01d6 b802 6919 0511&#10;    00001b0: 019d 5c2e 0460 4fbb 0016 59bb 0123 59b7&#10;    00001c0: 0124 1301 b8b6 012a 1906 b601 2a13 0466&#10;    00001d0: b601 2a1d 1905 1101 9e5c 2e04 604f b801&#10;    00001e0: 30b6 012a b601 34b7 0137 3a09 1905 1101&#10;    00001f0: 9f5c 2e04 604f 1909 1908 b601 cc57 1905&#10;    0000200: 1101 a05c 2e04 604f 1909 bf19 0511 01a1&#10;    0000210: 5c2e 0460 4f14 01d6 b802 6919 0511 01a2&#10;    0000220: 5c2e 0460 4fbb 0016 59bb 0123 59b7 0124&#10;    0000230: 1301 b8b6 012a 1906 b601 2a13 01ba b601&#10;    0000240: 2a1d 1905 1101 a35c 2e04 604f b801 30b6&#10;    0000250: 012a 1304 30b6 012a b601 34b7 0137 bf19&#10;    0000260: 0511 01a4 5c2e 0460 4f14 01d6 b802 6919&#10;    0000270: 0511 01a5 5c2e 0460 4f19 07b0          &#10;  Exception Handler Table:&#10;    bci [150, 388] =&gt; handler: 401&#10;  Stackmap Table:&#10;    same_frame(@14)&#10;    append_frame(@77,Object[#281])&#10;    full_frame(@193,{Object[#2],Object[#24],Object[#428],Integer,Object[#27],Object[#281],Object[#207],Null,Object[#929],Object[#1131]},{})&#10;    append_frame(@226,Integer)&#10;    same_frame(@263)&#10;    append_frame(@328,Object[#207])&#10;    full_frame(@371,{Object[#2],Object[#24],Object[#428],Integer,Object[#27],Object[#281],Object[#207],Object[#4],Object[#929],Object[#1131],Integer,Object[#207]},{})&#10;    full_frame(@401,{Object[#2],Object[#24],Object[#428],Integer,Object[#27],Object[#281],Object[#207],Object[#4]},{Object[#335]})&#10;    full_frame(@523,{Object[#2],Object[#24],Object[#428],Integer,Object[#27],Object[#281],Object[#207],Null},{})&#10;    full_frame(@607,{Object[#2],Object[#24],Object[#428],Integer,Object[#27],Object[#281],Object[#207],Object[#4],Object[#929],Object[#1131],Integer,Object[#207]},{})&#10;" type="java.lang.VerifyError">java.lang.VerifyError: Bad return type
Exception Details:
  Location:
    android/content/res/ResourcesImpl.$$robo$$android_content_res_ResourcesImpl$loadComplexColorForCookie(Landroid/content/res/Resources;Landroid/util/TypedValue;ILandroid/content/res/Resources$Theme;)Landroid/content/res/ComplexColor; @635: areturn
  Reason:
    Type 'java/lang/Object' (current frame, stack[0]) is not assignable to 'android/content/res/ComplexColor' (from method signature)
  Current Frame:
    bci: @635
    flags: { }
    locals: { 'android/content/res/ResourcesImpl', 'android/content/res/Resources', 'android/util/TypedValue', integer, 'android/content/res/Resources$Theme', '[I', 'java/lang/String', 'java/lang/Object', 'android/content/res/XmlResourceParser', 'android/util/AttributeSet', integer, 'java/lang/String' }
    stack: { 'java/lang/Object' }
  Bytecode:
    0000000: b200 8bc7 000b 128d b800 93b3 008b b200
    0000010: 8b3a 0519 0511 0189 5c2e 0460 4f2c b401
    0000020: b1c7 002c 1905 1101 8a5c 2e04 604f bb04
    0000030: 4359 bb01 2359 b701 2413 0445 b601 2a2c
    0000040: b402 b9b6 0187 b601 34b7 0446 bf19 0511
    0000050: 018b 5c2e 0460 4f2c b401 b1b9 01b2 0100
    0000060: 3a06 1905 1101 8c5c 2e04 604f 013a 0719
    0000070: 0511 018d 5c2e 0460 4f14 01d6 1906 b801
    0000080: df19 0511 018e 5c2e 0460 4f19 0613 0393
    0000090: b603 9799 0178 1905 1101 8f5c 2e04 604f
    00000a0: 2a19 061d 2cb4 01af 1304 48b6 039b 3a08
    00000b0: 1905 1101 905c 2e04 604f 1908 b804 4e3a
    00000c0: 0919 0511 0191 5c2e 0460 4f19 08b9 0451
    00000d0: 0100 5936 0a05 9f00 0c15 0a04 9f00 06a7
    00000e0: ffe2 1905 1101 925c 2e04 604f 150a 059f
    00000f0: 0018 1905 1101 935c 2e04 604f bb03 d759
    0000100: 1304 53b7 0454 bf19 0511 0194 5c2e 0460
    0000110: 4f19 08b9 0457 0100 3a0b 1905 1101 955c
    0000120: 2e04 604f 190b 1304 59b6 019a 9900 1c19
    0000130: 0511 0196 5c2e 0460 4f2b 1908 1909 1904
    0000140: b804 5f3a 07a7 002e 1905 1101 975c 2e04
    0000150: 604f 190b 1304 61b6 019a 9900 1919 0511
    0000160: 0198 5c2e 0460 4f2b 1908 1909 1904 b804
    0000170: 643a 0719 0511 0199 5c2e 0460 4f19 08b9
    0000180: 03a2 0100 1905 1101 9a5c 2e04 604f a700
    0000190: d119 0511 019b 5c2e 0460 4f3a 0819 0511
    00001a0: 019c 5c2e 0460 4f14 01d6 b802 6919 0511
    00001b0: 019d 5c2e 0460 4fbb 0016 59bb 0123 59b7
    00001c0: 0124 1301 b8b6 012a 1906 b601 2a13 0466
    00001d0: b601 2a1d 1905 1101 9e5c 2e04 604f b801
    00001e0: 30b6 012a b601 34b7 0137 3a09 1905 1101
    00001f0: 9f5c 2e04 604f 1909 1908 b601 cc57 1905
    0000200: 1101 a05c 2e04 604f 1909 bf19 0511 01a1
    0000210: 5c2e 0460 4f14 01d6 b802 6919 0511 01a2
    0000220: 5c2e 0460 4fbb 0016 59bb 0123 59b7 0124
    0000230: 1301 b8b6 012a 1906 b601 2a13 01ba b601
    0000240: 2a1d 1905 1101 a35c 2e04 604f b801 30b6
    0000250: 012a 1304 30b6 012a b601 34b7 0137 bf19
    0000260: 0511 01a4 5c2e 0460 4f14 01d6 b802 6919
    0000270: 0511 01a5 5c2e 0460 4f19 07b0          
  Exception Handler Table:
    bci [150, 388] =&gt; handler: 401
  Stackmap Table:
    same_frame(@14)
    append_frame(@77,Object[#281])
    full_frame(@193,{Object[#2],Object[#24],Object[#428],Integer,Object[#27],Object[#281],Object[#207],Null,Object[#929],Object[#1131]},{})
    append_frame(@226,Integer)
    same_frame(@263)
    append_frame(@328,Object[#207])
    full_frame(@371,{Object[#2],Object[#24],Object[#428],Integer,Object[#27],Object[#281],Object[#207],Object[#4],Object[#929],Object[#1131],Integer,Object[#207]},{})
    full_frame(@401,{Object[#2],Object[#24],Object[#428],Integer,Object[#27],Object[#281],Object[#207],Object[#4]},{Object[#335]})
    full_frame(@523,{Object[#2],Object[#24],Object[#428],Integer,Object[#27],Object[#281],Object[#207],Null},{})
    full_frame(@607,{Object[#2],Object[#24],Object[#428],Integer,Object[#27],Object[#281],Object[#207],Object[#4],Object[#929],Object[#1131],Integer,Object[#207]},{})

	at android.content.res.Resources.__constructor__(Resources.java:228)
	at android.content.res.Resources.&lt;init&gt;(Resources.java:227)
	at org.robolectric.shadows.ShadowResources.getSystem(ShadowResources.java:85)
	at android.content.res.Resources.getSystem(Resources.java)
	at android.app.LoadedApk.__constructor__(LoadedApk.java:209)
	at android.app.LoadedApk.&lt;init&gt;(LoadedApk.java:188)
	at android.app.ContextImpl.createSystemContext(ContextImpl.java:2319)
	at java.base/jdk.internal.reflect.NativeMethodAccessorImpl.invoke0(Native Method)
	at java.base/jdk.internal.reflect.NativeMethodAccessorImpl.invoke(NativeMethodAccessorImpl.java:77)
	at java.base/jdk.internal.reflect.DelegatingMethodAccessorImpl.invoke(DelegatingMethodAccessorImpl.java:43)
	at org.robolectric.shadows.ShadowContextImpl$_ContextImpl_$$Reflector5.createSystemContext(Unknown Source)
	at org.robolectric.android.internal.AndroidTestEnvironment.installAndCreateApplication(AndroidTestEnvironment.java:298)
	at org.robolectric.android.internal.AndroidTestEnvironment.lambda$createApplicationSupplier$0(AndroidTestEnvironment.java:282)
	at org.robolectric.util.PerfStatsCollector.measure(PerfStatsCollector.java:53)
	at org.robolectric.android.internal.AndroidTestEnvironment.lambda$createApplicationSupplier$1(AndroidTestEnvironment.java:279)
	at com.google.common.base.Suppliers$NonSerializableMemoizingSupplier.get(Suppliers.java:183)
	at org.robolectric.RuntimeEnvironment.lambda$getApplication$0(RuntimeEnvironment.java:76)
	at org.robolectric.shadows.ShadowInstrumentation.runOnMainSyncNoIdle(ShadowInstrumentation.java:1190)
	at org.robolectric.RuntimeEnvironment.getApplication(RuntimeEnvironment.java:76)
	at org.robolectric.android.internal.AndroidTestEnvironment.setUpApplicationState(AndroidTestEnvironment.java:249)
	at org.robolectric.RobolectricTestRunner.beforeTest(RobolectricTestRunner.java:283)
	at org.robolectric.internal.SandboxTestRunner$2.lambda$evaluate$2(SandboxTestRunner.java:285)
	at org.robolectric.internal.bytecode.Sandbox.lambda$runOnMainThread$0(Sandbox.java:104)
	at java.base/java.util.concurrent.FutureTask.run(FutureTask.java:264)
	at java.base/java.util.concurrent.ThreadPoolExecutor.runWorker(ThreadPoolExecutor.java:1136)
	at java.base/java.util.concurrent.ThreadPoolExecutor$Worker.run(ThreadPoolExecutor.java:635)
	at java.base/java.lang.Thread.run(Thread.java:840)
</failure>
  </testcase>
  <testcase name="datastore_containsIntKey_true" classname="com.gpsamy.easydatastore.DataStoreHelperTest" time="0.037">
    <failure message="java.lang.VerifyError: Bad return type&#10;Exception Details:&#10;  Location:&#10;    android/content/res/ResourcesImpl.$$robo$$android_content_res_ResourcesImpl$loadComplexColorForCookie(Landroid/content/res/Resources;Landroid/util/TypedValue;ILandroid/content/res/Resources$Theme;)Landroid/content/res/ComplexColor; @635: areturn&#10;  Reason:&#10;    Type 'java/lang/Object' (current frame, stack[0]) is not assignable to 'android/content/res/ComplexColor' (from method signature)&#10;  Current Frame:&#10;    bci: @635&#10;    flags: { }&#10;    locals: { 'android/content/res/ResourcesImpl', 'android/content/res/Resources', 'android/util/TypedValue', integer, 'android/content/res/Resources$Theme', '[I', 'java/lang/String', 'java/lang/Object', 'android/content/res/XmlResourceParser', 'android/util/AttributeSet', integer, 'java/lang/String' }&#10;    stack: { 'java/lang/Object' }&#10;  Bytecode:&#10;    0000000: b200 8bc7 000b 128d b800 93b3 008b b200&#10;    0000010: 8b3a 0519 0511 0189 5c2e 0460 4f2c b401&#10;    0000020: b1c7 002c 1905 1101 8a5c 2e04 604f bb04&#10;    0000030: 4359 bb01 2359 b701 2413 0445 b601 2a2c&#10;    0000040: b402 b9b6 0187 b601 34b7 0446 bf19 0511&#10;    0000050: 018b 5c2e 0460 4f2c b401 b1b9 01b2 0100&#10;    0000060: 3a06 1905 1101 8c5c 2e04 604f 013a 0719&#10;    0000070: 0511 018d 5c2e 0460 4f14 01d6 1906 b801&#10;    0000080: df19 0511 018e 5c2e 0460 4f19 0613 0393&#10;    0000090: b603 9799 0178 1905 1101 8f5c 2e04 604f&#10;    00000a0: 2a19 061d 2cb4 01af 1304 48b6 039b 3a08&#10;    00000b0: 1905 1101 905c 2e04 604f 1908 b804 4e3a&#10;    00000c0: 0919 0511 0191 5c2e 0460 4f19 08b9 0451&#10;    00000d0: 0100 5936 0a05 9f00 0c15 0a04 9f00 06a7&#10;    00000e0: ffe2 1905 1101 925c 2e04 604f 150a 059f&#10;    00000f0: 0018 1905 1101 935c 2e04 604f bb03 d759&#10;    0000100: 1304 53b7 0454 bf19 0511 0194 5c2e 0460&#10;    0000110: 4f19 08b9 0457 0100 3a0b 1905 1101 955c&#10;    0000120: 2e04 604f 190b 1304 59b6 019a 9900 1c19&#10;    0000130: 0511 0196 5c2e 0460 4f2b 1908 1909 1904&#10;    0000140: b804 5f3a 07a7 002e 1905 1101 975c 2e04&#10;    0000150: 604f 190b 1304 61b6 019a 9900 1919 0511&#10;    0000160: 0198 5c2e 0460 4f2b 1908 1909 1904 b804&#10;    0000170: 643a 0719 0511 0199 5c2e 0460 4f19 08b9&#10;    0000180: 03a2 0100 1905 1101 9a5c 2e04 604f a700&#10;    0000190: d119 0511 019b 5c2e 0460 4f3a 0819 0511&#10;    00001a0: 019c 5c2e 0460 4f14 01d6 b802 6919 0511&#10;    00001b0: 019d 5c2e 0460 4fbb 0016 59bb 0123 59b7&#10;    00001c0: 0124 1301 b8b6 012a 1906 b601 2a13 0466&#10;    00001d0: b601 2a1d 1905 1101 9e5c 2e04 604f b801&#10;    00001e0: 30b6 012a b601 34b7 0137 3a09 1905 1101&#10;    00001f0: 9f5c 2e04 604f 1909 1908 b601 cc57 1905&#10;    0000200: 1101 a05c 2e04 604f 1909 bf19 0511 01a1&#10;    0000210: 5c2e 0460 4f14 01d6 b802 6919 0511 01a2&#10;    0000220: 5c2e 0460 4fbb 0016 59bb 0123 59b7 0124&#10;    0000230: 1301 b8b6 012a 1906 b601 2a13 01ba b601&#10;    0000240: 2a1d 1905 1101 a35c 2e04 604f b801 30b6&#10;    0000250: 012a 1304 30b6 012a b601 34b7 0137 bf19&#10;    0000260: 0511 01a4 5c2e 0460 4f14 01d6 b802 6919&#10;    0000270: 0511 01a5 5c2e 0460 4f19 07b0          &#10;  Exception Handler Table:&#10;    bci [150, 388] =&gt; handler: 401&#10;  Stackmap Table:&#10;    same_frame(@14)&#10;    append_frame(@77,Object[#281])&#10;    full_frame(@193,{Object[#2],Object[#24],Object[#428],Integer,Object[#27],Object[#281],Object[#207],Null,Object[#929],Object[#1131]},{})&#10;    append_frame(@226,Integer)&#10;    same_frame(@263)&#10;    append_frame(@328,Object[#207])&#10;    full_frame(@371,{Object[#2],Object[#24],Object[#428],Integer,Object[#27],Object[#281],Object[#207],Object[#4],Object[#929],Object[#1131],Integer,Object[#207]},{})&#10;    full_frame(@401,{Object[#2],Object[#24],Object[#428],Integer,Object[#27],Object[#281],Object[#207],Object[#4]},{Object[#335]})&#10;    full_frame(@523,{Object[#2],Object[#24],Object[#428],Integer,Object[#27],Object[#281],Object[#207],Null},{})&#10;    full_frame(@607,{Object[#2],Object[#24],Object[#428],Integer,Object[#27],Object[#281],Object[#207],Object[#4],Object[#929],Object[#1131],Integer,Object[#207]},{})&#10;" type="java.lang.VerifyError">java.lang.VerifyError: Bad return type
Exception Details:
  Location:
    android/content/res/ResourcesImpl.$$robo$$android_content_res_ResourcesImpl$loadComplexColorForCookie(Landroid/content/res/Resources;Landroid/util/TypedValue;ILandroid/content/res/Resources$Theme;)Landroid/content/res/ComplexColor; @635: areturn
  Reason:
    Type 'java/lang/Object' (current frame, stack[0]) is not assignable to 'android/content/res/ComplexColor' (from method signature)
  Current Frame:
    bci: @635
    flags: { }
    locals: { 'android/content/res/ResourcesImpl', 'android/content/res/Resources', 'android/util/TypedValue', integer, 'android/content/res/Resources$Theme', '[I', 'java/lang/String', 'java/lang/Object', 'android/content/res/XmlResourceParser', 'android/util/AttributeSet', integer, 'java/lang/String' }
    stack: { 'java/lang/Object' }
  Bytecode:
    0000000: b200 8bc7 000b 128d b800 93b3 008b b200
    0000010: 8b3a 0519 0511 0189 5c2e 0460 4f2c b401
    0000020: b1c7 002c 1905 1101 8a5c 2e04 604f bb04
    0000030: 4359 bb01 2359 b701 2413 0445 b601 2a2c
    0000040: b402 b9b6 0187 b601 34b7 0446 bf19 0511
    0000050: 018b 5c2e 0460 4f2c b401 b1b9 01b2 0100
    0000060: 3a06 1905 1101 8c5c 2e04 604f 013a 0719
    0000070: 0511 018d 5c2e 0460 4f14 01d6 1906 b801
    0000080: df19 0511 018e 5c2e 0460 4f19 0613 0393
    0000090: b603 9799 0178 1905 1101 8f5c 2e04 604f
    00000a0: 2a19 061d 2cb4 01af 1304 48b6 039b 3a08
    00000b0: 1905 1101 905c 2e04 604f 1908 b804 4e3a
    00000c0: 0919 0511 0191 5c2e 0460 4f19 08b9 0451
    00000d0: 0100 5936 0a05 9f00 0c15 0a04 9f00 06a7
    00000e0: ffe2 1905 1101 925c 2e04 604f 150a 059f
    00000f0: 0018 1905 1101 935c 2e04 604f bb03 d759
    0000100: 1304 53b7 0454 bf19 0511 0194 5c2e 0460
    0000110: 4f19 08b9 0457 0100 3a0b 1905 1101 955c
    0000120: 2e04 604f 190b 1304 59b6 019a 9900 1c19
    0000130: 0511 0196 5c2e 0460 4f2b 1908 1909 1904
    0000140: b804 5f3a 07a7 002e 1905 1101 975c 2e04
    0000150: 604f 190b 1304 61b6 019a 9900 1919 0511
    0000160: 0198 5c2e 0460 4f2b 1908 1909 1904 b804
    0000170: 643a 0719 0511 0199 5c2e 0460 4f19 08b9
    0000180: 03a2 0100 1905 1101 9a5c 2e04 604f a700
    0000190: d119 0511 019b 5c2e 0460 4f3a 0819 0511
    00001a0: 019c 5c2e 0460 4f14 01d6 b802 6919 0511
    00001b0: 019d 5c2e 0460 4fbb 0016 59bb 0123 59b7
    00001c0: 0124 1301 b8b6 012a 1906 b601 2a13 0466
    00001d0: b601 2a1d 1905 1101 9e5c 2e04 604f b801
    00001e0: 30b6 012a b601 34b7 0137 3a09 1905 1101
    00001f0: 9f5c 2e04 604f 1909 1908 b601 cc57 1905
    0000200: 1101 a05c 2e04 604f 1909 bf19 0511 01a1
    0000210: 5c2e 0460 4f14 01d6 b802 6919 0511 01a2
    0000220: 5c2e 0460 4fbb 0016 59bb 0123 59b7 0124
    0000230: 1301 b8b6 012a 1906 b601 2a13 01ba b601
    0000240: 2a1d 1905 1101 a35c 2e04 604f b801 30b6
    0000250: 012a 1304 30b6 012a b601 34b7 0137 bf19
    0000260: 0511 01a4 5c2e 0460 4f14 01d6 b802 6919
    0000270: 0511 01a5 5c2e 0460 4f19 07b0          
  Exception Handler Table:
    bci [150, 388] =&gt; handler: 401
  Stackmap Table:
    same_frame(@14)
    append_frame(@77,Object[#281])
    full_frame(@193,{Object[#2],Object[#24],Object[#428],Integer,Object[#27],Object[#281],Object[#207],Null,Object[#929],Object[#1131]},{})
    append_frame(@226,Integer)
    same_frame(@263)
    append_frame(@328,Object[#207])
    full_frame(@371,{Object[#2],Object[#24],Object[#428],Integer,Object[#27],Object[#281],Object[#207],Object[#4],Object[#929],Object[#1131],Integer,Object[#207]},{})
    full_frame(@401,{Object[#2],Object[#24],Object[#428],Integer,Object[#27],Object[#281],Object[#207],Object[#4]},{Object[#335]})
    full_frame(@523,{Object[#2],Object[#24],Object[#428],Integer,Object[#27],Object[#281],Object[#207],Null},{})
    full_frame(@607,{Object[#2],Object[#24],Object[#428],Integer,Object[#27],Object[#281],Object[#207],Object[#4],Object[#929],Object[#1131],Integer,Object[#207]},{})

	at android.content.res.Resources.__constructor__(Resources.java:228)
	at android.content.res.Resources.&lt;init&gt;(Resources.java:227)
	at org.robolectric.shadows.ShadowResources.getSystem(ShadowResources.java:85)
	at android.content.res.Resources.getSystem(Resources.java)
	at android.app.LoadedApk.__constructor__(LoadedApk.java:209)
	at android.app.LoadedApk.&lt;init&gt;(LoadedApk.java:188)
	at android.app.ContextImpl.createSystemContext(ContextImpl.java:2319)
	at java.base/jdk.internal.reflect.NativeMethodAccessorImpl.invoke0(Native Method)
	at java.base/jdk.internal.reflect.NativeMethodAccessorImpl.invoke(NativeMethodAccessorImpl.java:77)
	at java.base/jdk.internal.reflect.DelegatingMethodAccessorImpl.invoke(DelegatingMethodAccessorImpl.java:43)
	at org.robolectric.shadows.ShadowContextImpl$_ContextImpl_$$Reflector5.createSystemContext(Unknown Source)
	at org.robolectric.android.internal.AndroidTestEnvironment.installAndCreateApplication(AndroidTestEnvironment.java:298)
	at org.robolectric.android.internal.AndroidTestEnvironment.lambda$createApplicationSupplier$0(AndroidTestEnvironment.java:282)
	at org.robolectric.util.PerfStatsCollector.measure(PerfStatsCollector.java:53)
	at org.robolectric.android.internal.AndroidTestEnvironment.lambda$createApplicationSupplier$1(AndroidTestEnvironment.java:279)
	at com.google.common.base.Suppliers$NonSerializableMemoizingSupplier.get(Suppliers.java:183)
	at org.robolectric.RuntimeEnvironment.lambda$getApplication$0(RuntimeEnvironment.java:76)
	at org.robolectric.shadows.ShadowInstrumentation.runOnMainSyncNoIdle(ShadowInstrumentation.java:1190)
	at org.robolectric.RuntimeEnvironment.getApplication(RuntimeEnvironment.java:76)
	at org.robolectric.android.internal.AndroidTestEnvironment.setUpApplicationState(AndroidTestEnvironment.java:249)
	at org.robolectric.RobolectricTestRunner.beforeTest(RobolectricTestRunner.java:283)
	at org.robolectric.internal.SandboxTestRunner$2.lambda$evaluate$2(SandboxTestRunner.java:285)
	at org.robolectric.internal.bytecode.Sandbox.lambda$runOnMainThread$0(Sandbox.java:104)
	at java.base/java.util.concurrent.FutureTask.run(FutureTask.java:264)
	at java.base/java.util.concurrent.ThreadPoolExecutor.runWorker(ThreadPoolExecutor.java:1136)
	at java.base/java.util.concurrent.ThreadPoolExecutor$Worker.run(ThreadPoolExecutor.java:635)
	at java.base/java.lang.Thread.run(Thread.java:840)
</failure>
  </testcase>
  <testcase name="datastore_containsLongKey_false" classname="com.gpsamy.easydatastore.DataStoreHelperTest" time="0.034">
    <failure message="java.lang.VerifyError: Bad return type&#10;Exception Details:&#10;  Location:&#10;    android/content/res/ResourcesImpl.$$robo$$android_content_res_ResourcesImpl$loadComplexColorForCookie(Landroid/content/res/Resources;Landroid/util/TypedValue;ILandroid/content/res/Resources$Theme;)Landroid/content/res/ComplexColor; @635: areturn&#10;  Reason:&#10;    Type 'java/lang/Object' (current frame, stack[0]) is not assignable to 'android/content/res/ComplexColor' (from method signature)&#10;  Current Frame:&#10;    bci: @635&#10;    flags: { }&#10;    locals: { 'android/content/res/ResourcesImpl', 'android/content/res/Resources', 'android/util/TypedValue', integer, 'android/content/res/Resources$Theme', '[I', 'java/lang/String', 'java/lang/Object', 'android/content/res/XmlResourceParser', 'android/util/AttributeSet', integer, 'java/lang/String' }&#10;    stack: { 'java/lang/Object' }&#10;  Bytecode:&#10;    0000000: b200 8bc7 000b 128d b800 93b3 008b b200&#10;    0000010: 8b3a 0519 0511 0189 5c2e 0460 4f2c b401&#10;    0000020: b1c7 002c 1905 1101 8a5c 2e04 604f bb04&#10;    0000030: 4359 bb01 2359 b701 2413 0445 b601 2a2c&#10;    0000040: b402 b9b6 0187 b601 34b7 0446 bf19 0511&#10;    0000050: 018b 5c2e 0460 4f2c b401 b1b9 01b2 0100&#10;    0000060: 3a06 1905 1101 8c5c 2e04 604f 013a 0719&#10;    0000070: 0511 018d 5c2e 0460 4f14 01d6 1906 b801&#10;    0000080: df19 0511 018e 5c2e 0460 4f19 0613 0393&#10;    0000090: b603 9799 0178 1905 1101 8f5c 2e04 604f&#10;    00000a0: 2a19 061d 2cb4 01af 1304 48b6 039b 3a08&#10;    00000b0: 1905 1101 905c 2e04 604f 1908 b804 4e3a&#10;    00000c0: 0919 0511 0191 5c2e 0460 4f19 08b9 0451&#10;    00000d0: 0100 5936 0a05 9f00 0c15 0a04 9f00 06a7&#10;    00000e0: ffe2 1905 1101 925c 2e04 604f 150a 059f&#10;    00000f0: 0018 1905 1101 935c 2e04 604f bb03 d759&#10;    0000100: 1304 53b7 0454 bf19 0511 0194 5c2e 0460&#10;    0000110: 4f19 08b9 0457 0100 3a0b 1905 1101 955c&#10;    0000120: 2e04 604f 190b 1304 59b6 019a 9900 1c19&#10;    0000130: 0511 0196 5c2e 0460 4f2b 1908 1909 1904&#10;    0000140: b804 5f3a 07a7 002e 1905 1101 975c 2e04&#10;    0000150: 604f 190b 1304 61b6 019a 9900 1919 0511&#10;    0000160: 0198 5c2e 0460 4f2b 1908 1909 1904 b804&#10;    0000170: 643a 0719 0511 0199 5c2e 0460 4f19 08b9&#10;    0000180: 03a2 0100 1905 1101 9a5c 2e04 604f a700&#10;    0000190: d119 0511 019b 5c2e 0460 4f3a 0819 0511&#10;    00001a0: 019c 5c2e 0460 4f14 01d6 b802 6919 0511&#10;    00001b0: 019d 5c2e 0460 4fbb 0016 59bb 0123 59b7&#10;    00001c0: 0124 1301 b8b6 012a 1906 b601 2a13 0466&#10;    00001d0: b601 2a1d 1905 1101 9e5c 2e04 604f b801&#10;    00001e0: 30b6 012a b601 34b7 0137 3a09 1905 1101&#10;    00001f0: 9f5c 2e04 604f 1909 1908 b601 cc57 1905&#10;    0000200: 1101 a05c 2e04 604f 1909 bf19 0511 01a1&#10;    0000210: 5c2e 0460 4f14 01d6 b802 6919 0511 01a2&#10;    0000220: 5c2e 0460 4fbb 0016 59bb 0123 59b7 0124&#10;    0000230: 1301 b8b6 012a 1906 b601 2a13 01ba b601&#10;    0000240: 2a1d 1905 1101 a35c 2e04 604f b801 30b6&#10;    0000250: 012a 1304 30b6 012a b601 34b7 0137 bf19&#10;    0000260: 0511 01a4 5c2e 0460 4f14 01d6 b802 6919&#10;    0000270: 0511 01a5 5c2e 0460 4f19 07b0          &#10;  Exception Handler Table:&#10;    bci [150, 388] =&gt; handler: 401&#10;  Stackmap Table:&#10;    same_frame(@14)&#10;    append_frame(@77,Object[#281])&#10;    full_frame(@193,{Object[#2],Object[#24],Object[#428],Integer,Object[#27],Object[#281],Object[#207],Null,Object[#929],Object[#1131]},{})&#10;    append_frame(@226,Integer)&#10;    same_frame(@263)&#10;    append_frame(@328,Object[#207])&#10;    full_frame(@371,{Object[#2],Object[#24],Object[#428],Integer,Object[#27],Object[#281],Object[#207],Object[#4],Object[#929],Object[#1131],Integer,Object[#207]},{})&#10;    full_frame(@401,{Object[#2],Object[#24],Object[#428],Integer,Object[#27],Object[#281],Object[#207],Object[#4]},{Object[#335]})&#10;    full_frame(@523,{Object[#2],Object[#24],Object[#428],Integer,Object[#27],Object[#281],Object[#207],Null},{})&#10;    full_frame(@607,{Object[#2],Object[#24],Object[#428],Integer,Object[#27],Object[#281],Object[#207],Object[#4],Object[#929],Object[#1131],Integer,Object[#207]},{})&#10;" type="java.lang.VerifyError">java.lang.VerifyError: Bad return type
Exception Details:
  Location:
    android/content/res/ResourcesImpl.$$robo$$android_content_res_ResourcesImpl$loadComplexColorForCookie(Landroid/content/res/Resources;Landroid/util/TypedValue;ILandroid/content/res/Resources$Theme;)Landroid/content/res/ComplexColor; @635: areturn
  Reason:
    Type 'java/lang/Object' (current frame, stack[0]) is not assignable to 'android/content/res/ComplexColor' (from method signature)
  Current Frame:
    bci: @635
    flags: { }
    locals: { 'android/content/res/ResourcesImpl', 'android/content/res/Resources', 'android/util/TypedValue', integer, 'android/content/res/Resources$Theme', '[I', 'java/lang/String', 'java/lang/Object', 'android/content/res/XmlResourceParser', 'android/util/AttributeSet', integer, 'java/lang/String' }
    stack: { 'java/lang/Object' }
  Bytecode:
    0000000: b200 8bc7 000b 128d b800 93b3 008b b200
    0000010: 8b3a 0519 0511 0189 5c2e 0460 4f2c b401
    0000020: b1c7 002c 1905 1101 8a5c 2e04 604f bb04
    0000030: 4359 bb01 2359 b701 2413 0445 b601 2a2c
    0000040: b402 b9b6 0187 b601 34b7 0446 bf19 0511
    0000050: 018b 5c2e 0460 4f2c b401 b1b9 01b2 0100
    0000060: 3a06 1905 1101 8c5c 2e04 604f 013a 0719
    0000070: 0511 018d 5c2e 0460 4f14 01d6 1906 b801
    0000080: df19 0511 018e 5c2e 0460 4f19 0613 0393
    0000090: b603 9799 0178 1905 1101 8f5c 2e04 604f
    00000a0: 2a19 061d 2cb4 01af 1304 48b6 039b 3a08
    00000b0: 1905 1101 905c 2e04 604f 1908 b804 4e3a
    00000c0: 0919 0511 0191 5c2e 0460 4f19 08b9 0451
    00000d0: 0100 5936 0a05 9f00 0c15 0a04 9f00 06a7
    00000e0: ffe2 1905 1101 925c 2e04 604f 150a 059f
    00000f0: 0018 1905 1101 935c 2e04 604f bb03 d759
    0000100: 1304 53b7 0454 bf19 0511 0194 5c2e 0460
    0000110: 4f19 08b9 0457 0100 3a0b 1905 1101 955c
    0000120: 2e04 604f 190b 1304 59b6 019a 9900 1c19
    0000130: 0511 0196 5c2e 0460 4f2b 1908 1909 1904
    0000140: b804 5f3a 07a7 002e 1905 1101 975c 2e04
    0000150: 604f 190b 1304 61b6 019a 9900 1919 0511
    0000160: 0198 5c2e 0460 4f2b 1908 1909 1904 b804
    0000170: 643a 0719 0511 0199 5c2e 0460 4f19 08b9
    0000180: 03a2 0100 1905 1101 9a5c 2e04 604f a700
    0000190: d119 0511 019b 5c2e 0460 4f3a 0819 0511
    00001a0: 019c 5c2e 0460 4f14 01d6 b802 6919 0511
    00001b0: 019d 5c2e 0460 4fbb 0016 59bb 0123 59b7
    00001c0: 0124 1301 b8b6 012a 1906 b601 2a13 0466
    00001d0: b601 2a1d 1905 1101 9e5c 2e04 604f b801
    00001e0: 30b6 012a b601 34b7 0137 3a09 1905 1101
    00001f0: 9f5c 2e04 604f 1909 1908 b601 cc57 1905
    0000200: 1101 a05c 2e04 604f 1909 bf19 0511 01a1
    0000210: 5c2e 0460 4f14 01d6 b802 6919 0511 01a2
    0000220: 5c2e 0460 4fbb 0016 59bb 0123 59b7 0124
    0000230: 1301 b8b6 012a 1906 b601 2a13 01ba b601
    0000240: 2a1d 1905 1101 a35c 2e04 604f b801 30b6
    0000250: 012a 1304 30b6 012a b601 34b7 0137 bf19
    0000260: 0511 01a4 5c2e 0460 4f14 01d6 b802 6919
    0000270: 0511 01a5 5c2e 0460 4f19 07b0          
  Exception Handler Table:
    bci [150, 388] =&gt; handler: 401
  Stackmap Table:
    same_frame(@14)
    append_frame(@77,Object[#281])
    full_frame(@193,{Object[#2],Object[#24],Object[#428],Integer,Object[#27],Object[#281],Object[#207],Null,Object[#929],Object[#1131]},{})
    append_frame(@226,Integer)
    same_frame(@263)
    append_frame(@328,Object[#207])
    full_frame(@371,{Object[#2],Object[#24],Object[#428],Integer,Object[#27],Object[#281],Object[#207],Object[#4],Object[#929],Object[#1131],Integer,Object[#207]},{})
    full_frame(@401,{Object[#2],Object[#24],Object[#428],Integer,Object[#27],Object[#281],Object[#207],Object[#4]},{Object[#335]})
    full_frame(@523,{Object[#2],Object[#24],Object[#428],Integer,Object[#27],Object[#281],Object[#207],Null},{})
    full_frame(@607,{Object[#2],Object[#24],Object[#428],Integer,Object[#27],Object[#281],Object[#207],Object[#4],Object[#929],Object[#1131],Integer,Object[#207]},{})

	at android.content.res.Resources.__constructor__(Resources.java:228)
	at android.content.res.Resources.&lt;init&gt;(Resources.java:227)
	at org.robolectric.shadows.ShadowResources.getSystem(ShadowResources.java:85)
	at android.content.res.Resources.getSystem(Resources.java)
	at android.app.LoadedApk.__constructor__(LoadedApk.java:209)
	at android.app.LoadedApk.&lt;init&gt;(LoadedApk.java:188)
	at android.app.ContextImpl.createSystemContext(ContextImpl.java:2319)
	at java.base/jdk.internal.reflect.NativeMethodAccessorImpl.invoke0(Native Method)
	at java.base/jdk.internal.reflect.NativeMethodAccessorImpl.invoke(NativeMethodAccessorImpl.java:77)
	at java.base/jdk.internal.reflect.DelegatingMethodAccessorImpl.invoke(DelegatingMethodAccessorImpl.java:43)
	at org.robolectric.shadows.ShadowContextImpl$_ContextImpl_$$Reflector5.createSystemContext(Unknown Source)
	at org.robolectric.android.internal.AndroidTestEnvironment.installAndCreateApplication(AndroidTestEnvironment.java:298)
	at org.robolectric.android.internal.AndroidTestEnvironment.lambda$createApplicationSupplier$0(AndroidTestEnvironment.java:282)
	at org.robolectric.util.PerfStatsCollector.measure(PerfStatsCollector.java:53)
	at org.robolectric.android.internal.AndroidTestEnvironment.lambda$createApplicationSupplier$1(AndroidTestEnvironment.java:279)
	at com.google.common.base.Suppliers$NonSerializableMemoizingSupplier.get(Suppliers.java:183)
	at org.robolectric.RuntimeEnvironment.lambda$getApplication$0(RuntimeEnvironment.java:76)
	at org.robolectric.shadows.ShadowInstrumentation.runOnMainSyncNoIdle(ShadowInstrumentation.java:1190)
	at org.robolectric.RuntimeEnvironment.getApplication(RuntimeEnvironment.java:76)
	at org.robolectric.android.internal.AndroidTestEnvironment.setUpApplicationState(AndroidTestEnvironment.java:249)
	at org.robolectric.RobolectricTestRunner.beforeTest(RobolectricTestRunner.java:283)
	at org.robolectric.internal.SandboxTestRunner$2.lambda$evaluate$2(SandboxTestRunner.java:285)
	at org.robolectric.internal.bytecode.Sandbox.lambda$runOnMainThread$0(Sandbox.java:104)
	at java.base/java.util.concurrent.FutureTask.run(FutureTask.java:264)
	at java.base/java.util.concurrent.ThreadPoolExecutor.runWorker(ThreadPoolExecutor.java:1136)
	at java.base/java.util.concurrent.ThreadPoolExecutor$Worker.run(ThreadPoolExecutor.java:635)
	at java.base/java.lang.Thread.run(Thread.java:840)
</failure>
  </testcase>
  <testcase name="datastore_containsLongKey_true" classname="com.gpsamy.easydatastore.DataStoreHelperTest" time="0.028">
    <failure message="java.lang.VerifyError: Bad return type&#10;Exception Details:&#10;  Location:&#10;    android/content/res/ResourcesImpl.$$robo$$android_content_res_ResourcesImpl$loadComplexColorForCookie(Landroid/content/res/Resources;Landroid/util/TypedValue;ILandroid/content/res/Resources$Theme;)Landroid/content/res/ComplexColor; @635: areturn&#10;  Reason:&#10;    Type 'java/lang/Object' (current frame, stack[0]) is not assignable to 'android/content/res/ComplexColor' (from method signature)&#10;  Current Frame:&#10;    bci: @635&#10;    flags: { }&#10;    locals: { 'android/content/res/ResourcesImpl', 'android/content/res/Resources', 'android/util/TypedValue', integer, 'android/content/res/Resources$Theme', '[I', 'java/lang/String', 'java/lang/Object', 'android/content/res/XmlResourceParser', 'android/util/AttributeSet', integer, 'java/lang/String' }&#10;    stack: { 'java/lang/Object' }&#10;  Bytecode:&#10;    0000000: b200 8bc7 000b 128d b800 93b3 008b b200&#10;    0000010: 8b3a 0519 0511 0189 5c2e 0460 4f2c b401&#10;    0000020: b1c7 002c 1905 1101 8a5c 2e04 604f bb04&#10;    0000030: 4359 bb01 2359 b701 2413 0445 b601 2a2c&#10;    0000040: b402 b9b6 0187 b601 34b7 0446 bf19 0511&#10;    0000050: 018b 5c2e 0460 4f2c b401 b1b9 01b2 0100&#10;    0000060: 3a06 1905 1101 8c5c 2e04 604f 013a 0719&#10;    0000070: 0511 018d 5c2e 0460 4f14 01d6 1906 b801&#10;    0000080: df19 0511 018e 5c2e 0460 4f19 0613 0393&#10;    0000090: b603 9799 0178 1905 1101 8f5c 2e04 604f&#10;    00000a0: 2a19 061d 2cb4 01af 1304 48b6 039b 3a08&#10;    00000b0: 1905 1101 905c 2e04 604f 1908 b804 4e3a&#10;    00000c0: 0919 0511 0191 5c2e 0460 4f19 08b9 0451&#10;    00000d0: 0100 5936 0a05 9f00 0c15 0a04 9f00 06a7&#10;    00000e0: ffe2 1905 1101 925c 2e04 604f 150a 059f&#10;    00000f0: 0018 1905 1101 935c 2e04 604f bb03 d759&#10;    0000100: 1304 53b7 0454 bf19 0511 0194 5c2e 0460&#10;    0000110: 4f19 08b9 0457 0100 3a0b 1905 1101 955c&#10;    0000120: 2e04 604f 190b 1304 59b6 019a 9900 1c19&#10;    0000130: 0511 0196 5c2e 0460 4f2b 1908 1909 1904&#10;    0000140: b804 5f3a 07a7 002e 1905 1101 975c 2e04&#10;    0000150: 604f 190b 1304 61b6 019a 9900 1919 0511&#10;    0000160: 0198 5c2e 0460 4f2b 1908 1909 1904 b804&#10;    0000170: 643a 0719 0511 0199 5c2e 0460 4f19 08b9&#10;    0000180: 03a2 0100 1905 1101 9a5c 2e04 604f a700&#10;    0000190: d119 0511 019b 5c2e 0460 4f3a 0819 0511&#10;    00001a0: 019c 5c2e 0460 4f14 01d6 b802 6919 0511&#10;    00001b0: 019d 5c2e 0460 4fbb 0016 59bb 0123 59b7&#10;    00001c0: 0124 1301 b8b6 012a 1906 b601 2a13 0466&#10;    00001d0: b601 2a1d 1905 1101 9e5c 2e04 604f b801&#10;    00001e0: 30b6 012a b601 34b7 0137 3a09 1905 1101&#10;    00001f0: 9f5c 2e04 604f 1909 1908 b601 cc57 1905&#10;    0000200: 1101 a05c 2e04 604f 1909 bf19 0511 01a1&#10;    0000210: 5c2e 0460 4f14 01d6 b802 6919 0511 01a2&#10;    0000220: 5c2e 0460 4fbb 0016 59bb 0123 59b7 0124&#10;    0000230: 1301 b8b6 012a 1906 b601 2a13 01ba b601&#10;    0000240: 2a1d 1905 1101 a35c 2e04 604f b801 30b6&#10;    0000250: 012a 1304 30b6 012a b601 34b7 0137 bf19&#10;    0000260: 0511 01a4 5c2e 0460 4f14 01d6 b802 6919&#10;    0000270: 0511 01a5 5c2e 0460 4f19 07b0          &#10;  Exception Handler Table:&#10;    bci [150, 388] =&gt; handler: 401&#10;  Stackmap Table:&#10;    same_frame(@14)&#10;    append_frame(@77,Object[#281])&#10;    full_frame(@193,{Object[#2],Object[#24],Object[#428],Integer,Object[#27],Object[#281],Object[#207],Null,Object[#929],Object[#1131]},{})&#10;    append_frame(@226,Integer)&#10;    same_frame(@263)&#10;    append_frame(@328,Object[#207])&#10;    full_frame(@371,{Object[#2],Object[#24],Object[#428],Integer,Object[#27],Object[#281],Object[#207],Object[#4],Object[#929],Object[#1131],Integer,Object[#207]},{})&#10;    full_frame(@401,{Object[#2],Object[#24],Object[#428],Integer,Object[#27],Object[#281],Object[#207],Object[#4]},{Object[#335]})&#10;    full_frame(@523,{Object[#2],Object[#24],Object[#428],Integer,Object[#27],Object[#281],Object[#207],Null},{})&#10;    full_frame(@607,{Object[#2],Object[#24],Object[#428],Integer,Object[#27],Object[#281],Object[#207],Object[#4],Object[#929],Object[#1131],Integer,Object[#207]},{})&#10;" type="java.lang.VerifyError">java.lang.VerifyError: Bad return type
Exception Details:
  Location:
    android/content/res/ResourcesImpl.$$robo$$android_content_res_ResourcesImpl$loadComplexColorForCookie(Landroid/content/res/Resources;Landroid/util/TypedValue;ILandroid/content/res/Resources$Theme;)Landroid/content/res/ComplexColor; @635: areturn
  Reason:
    Type 'java/lang/Object' (current frame, stack[0]) is not assignable to 'android/content/res/ComplexColor' (from method signature)
  Current Frame:
    bci: @635
[...]
 0178 1905 1101 8f5c 2e04 604f&#10;    00000a0: 2a19 061d 2cb4 01af 1304 48b6 039b 3a08&#10;    00000b0: 1905 1101 905c 2e04 604f 1908 b804 4e3a&#10;    00000c0: 0919 0511 0191 5c2e 0460 4f19 08b9 0451&#10;    00000d0: 0100 5936 0a05 9f00 0c15 0a04 9f00 06a7&#10;    00000e0: ffe2 1905 1101 925c 2e04 604f 150a 059f&#10;    00000f0: 0018 1905 1101 935c 2e04 604f bb03 d759&#10;    0000100: 1304 53b7 0454 bf19 0511 0194 5c2e 0460&#10;    0000110: 4f19 08b9 0457 0100 3a0b 1905 1101 955c&#10;    0000120: 2e04 604f 190b 1304 59b6 019a 9900 1c19&#10;    0000130: 0511 0196 5c2e 0460 4f2b 1908 1909 1904&#10;    0000140: b804 5f3a 07a7 002e 1905 1101 975c 2e04&#10;    0000150: 604f 190b 1304 61b6 019a 9900 1919 0511&#10;    0000160: 0198 5c2e 0460 4f2b 1908 1909 1904 b804&#10;    0000170: 643a 0719 0511 0199 5c2e 0460 4f19 08b9&#10;    0000180: 03a2 0100 1905 1101 9a5c 2e04 604f a700&#10;    0000190: d119 0511 019b 5c2e 0460 4f3a 0819 0511&#10;    00001a0: 019c 5c2e 0460 4f14 01d6 b802 6919 0511&#10;    00001b0: 019d 5c2e 0460 4fbb 0016 59bb 0123 59b7&#10;    00001c0: 0124 1301 b8b6 012a 1906 b601 2a13 0466&#10;    00001d0: b601 2a1d 1905 1101 9e5c 2e04 604f b801&#10;    00001e0: 30b6 012a b601 34b7 0137 3a09 1905 1101&#10;    00001f0: 9f5c 2e04 604f 1909 1908 b601 cc57 1905&#10;    0000200: 1101 a05c 2e04 604f 1909 bf19 0511 01a1&#10;    0000210: 5c2e 0460 4f14 01d6 b802 6919 0511 01a2&#10;    0000220: 5c2e 0460 4fbb 0016 59bb 0123 59b7 0124&#10;    0000230: 1301 b8b6 012a 1906 b601 2a13 01ba b601&#10;    0000240: 2a1d 1905 1101 a35c 2e04 604f b801 30b6&#10;    0000250: 012a 1304 30b6 012a b601 34b7 0137 bf19&#10;    0000260: 0511 01a4 5c2e 0460 4f14 01d6 b802 6919&#10;    0000270: 0511 01a5 5c2e 0460 4f19 07b0          &#10;  Exception Handler Table:&#10;    bci [150, 388] =&gt; handler: 401&#10;  Stackmap Table:&#10;    same_frame(@14)&#10;    append_frame(@77,Object[#281])&#10;    full_frame(@193,{Object[#2],Object[#24],Object[#428],Integer,Object[#27],Object[#281],Object[#207],Null,Object[#929],Object[#1131]},{})&#10;    append_frame(@226,Integer)&#10;    same_frame(@263)&#10;    append_frame(@328,Object[#207])&#10;    full_frame(@371,{Object[#2],Object[#24],Object[#428],Integer,Object[#27],Object[#281],Object[#207],Object[#4],Object[#929],Object[#1131],Integer,Object[#207]},{})&#10;    full_frame(@401,{Object[#2],Object[#24],Object[#428],Integer,Object[#27],Object[#281],Object[#207],Object[#4]},{Object[#335]})&#10;    full_frame(@523,{Object[#2],Object[#24],Object[#428],Integer,Object[#27],Object[#281],Object[#207],Null},{})&#10;    full_frame(@607,{Object[#2],Object[#24],Object[#428],Integer,Object[#27],Object[#281],Object[#207],Object[#4],Object[#929],Object[#1131],Integer,Object[#207]},{})&#10;" type="java.lang.VerifyError">java.lang.VerifyError: Bad return type
Exception Details:
  Location:
    android/content/res/ResourcesImpl.$$robo$$android_content_res_ResourcesImpl$loadComplexColorForCookie(Landroid/content/res/Resources;Landroid/util/TypedValue;ILandroid/content/res/Resources$Theme;)Landroid/content/res/ComplexColor; @635: areturn
  Reason:
    Type 'java/lang/Object' (current frame, stack[0]) is not assignable to 'android/content/res/ComplexColor' (from method signature)
  Current Frame:
    bci: @635
    flags: { }
    locals: { 'android/content/res/ResourcesImpl', 'android/content/res/Resources', 'android/util/TypedValue', integer, 'android/content/res/Resources$Theme', '[I', 'java/lang/String', 'java/lang/Object', 'android/content/res/XmlResourceParser', 'android/util/AttributeSet', integer, 'java/lang/String' }
    stack: { 'java/lang/Object' }
  Bytecode:
    0000000: b200 8bc7 000b 128d b800 93b3 008b b200
    0000010: 8b3a 0519 0511 0189 5c2e 0460 4f2c b401
    0000020: b1c7 002c 1905 1101 8a5c 2e04 604f bb04
    0000030: 4359 bb01 2359 b701 2413 0445 b601 2a2c
    0000040: b402 b9b6 0187 b601 34b7 0446 bf19 0511
    0000050: 018b 5c2e 0460 4f2c b401 b1b9 01b2 0100
    0000060: 3a06 1905 1101 8c5c 2e04 604f 013a 0719
    0000070: 0511 018d 5c2e 0460 4f14 01d6 1906 b801
    0000080: df19 0511 018e 5c2e 0460 4f19 0613 0393
    0000090: b603 9799 0178 1905 1101 8f5c 2e04 604f
    00000a0: 2a19 061d 2cb4 01af 1304 48b6 039b 3a08
    00000b0: 1905 1101 905c 2e04 604f 1908 b804 4e3a
    00000c0: 0919 0511 0191 5c2e 0460 4f19 08b9 0451
    00000d0: 0100 5936 0a05 9f00 0c15 0a04 9f00 06a7
    00000e0: ffe2 1905 1101 925c 2e04 604f 150a 059f
    00000f0: 0018 1905 1101 935c 2e04 604f bb03 d759
    0000100: 1304 53b7 0454 bf19 0511 0194 5c2e 0460
    0000110: 4f19 08b9 0457 0100 3a0b 1905 1101 955c
    0000120: 2e04 604f 190b 1304 59b6 019a 9900 1c19
    0000130: 0511 0196 5c2e 0460 4f2b 1908 1909 1904
    0000140: b804 5f3a 07a7 002e 1905 1101 975c 2e04
    0000150: 604f 190b 1304 61b6 019a 9900 1919 0511
    0000160: 0198 5c2e 0460 4f2b 1908 1909 1904 b804
    0000170: 643a 0719 0511 0199 5c2e 0460 4f19 08b9
    0000180: 03a2 0100 1905 1101 9a5c 2e04 604f a700
    0000190: d119 0511 019b 5c2e 0460 4f3a 0819 0511
    00001a0: 019c 5c2e 0460 4f14 01d6 b802 6919 0511
    00001b0: 019d 5c2e 0460 4fbb 0016 59bb 0123 59b7
    00001c0: 0124 1301 b8b6 012a 1906 b601 2a13 0466
    00001d0: b601 2a1d 1905 1101 9e5c 2e04 604f b801
    00001e0: 30b6 012a b601 34b7 0137 3a09 1905 1101
    00001f0: 9f5c 2e04 604f 1909 1908 b601 cc57 1905
    0000200: 1101 a05c 2e04 604f 1909 bf19 0511 01a1
    0000210: 5c2e 0460 4f14 01d6 b802 6919 0511 01a2
    0000220: 5c2e 0460 4fbb 0016 59bb 0123 59b7 0124
    0000230: 1301 b8b6 012a 1906 b601 2a13 01ba b601
    0000240: 2a1d 1905 1101 a35c 2e04 604f b801 30b6
    0000250: 012a 1304 30b6 012a b601 34b7 0137 bf19
    0000260: 0511 01a4 5c2e 0460 4f14 01d6 b802 6919
    0000270: 0511 01a5 5c2e 0460 4f19 07b0          
  Exception Handler Table:
    bci [150, 388] =&gt; handler: 401
  Stackmap Table:
    same_frame(@14)
    append_frame(@77,Object[#281])
    full_frame(@193,{Object[#2],Object[#24],Object[#428],Integer,Object[#27],Object[#281],Object[#207],Null,Object[#929],Object[#1131]},{})
    append_frame(@226,Integer)
    same_frame(@263)
    append_frame(@328,Object[#207])
    full_frame(@371,{Object[#2],Object[#24],Object[#428],Integer,Object[#27],Object[#281],Object[#207],Object[#4],Object[#929],Object[#1131],Integer,Object[#207]},{})
    full_frame(@401,{Object[#2],Object[#24],Object[#428],Integer,Object[#27],Object[#281],Object[#207],Object[#4]},{Object[#335]})
    full_frame(@523,{Object[#2],Object[#24],Object[#428],Integer,Object[#27],Object[#281],Object[#207],Null},{})
    full_frame(@607,{Object[#2],Object[#24],Object[#428],Integer,Object[#27],Object[#281],Object[#207],Object[#4],Object[#929],Object[#1131],Integer,Object[#207]},{})

	at android.content.res.Resources.__constructor__(Resources.java:228)
	at android.content.res.Resources.&lt;init&gt;(Resources.java:227)
	at org.robolectric.shadows.ShadowResources.getSystem(ShadowResources.java:85)
	at android.content.res.Resources.getSystem(Resources.java)
	at android.app.LoadedApk.__constructor__(LoadedApk.java:209)
	at android.app.LoadedApk.&lt;init&gt;(LoadedApk.java:188)
	at android.app.ContextImpl.createSystemContext(ContextImpl.java:2319)
	at jdk.internal.reflect.GeneratedMethodAccessor8.invoke(Unknown Source)
	at java.base/jdk.internal.reflect.DelegatingMethodAccessorImpl.invoke(DelegatingMethodAccessorImpl.java:43)
	at org.robolectric.shadows.ShadowContextImpl$_ContextImpl_$$Reflector5.createSystemContext(Unknown Source)
	at org.robolectric.android.internal.AndroidTestEnvironment.installAndCreateApplication(AndroidTestEnvironment.java:298)
	at org.robolectric.android.internal.AndroidTestEnvironment.lambda$createApplicationSupplier$0(AndroidTestEnvironment.java:282)
	at org.robolectric.util.PerfStatsCollector.measure(PerfStatsCollector.java:53)
	at org.robolectric.android.internal.AndroidTestEnvironment.lambda$createApplicationSupplier$1(AndroidTestEnvironment.java:279)
	at com.google.common.base.Suppliers$NonSerializableMemoizingSupplier.get(Suppliers.java:183)
	at org.robolectric.RuntimeEnvironment.lambda$getApplication$0(RuntimeEnvironment.java:76)
	at org.robolectric.shadows.ShadowInstrumentation.runOnMainSyncNoIdle(ShadowInstrumentation.java:1190)
	at org.robolectric.RuntimeEnvironment.getApplication(RuntimeEnvironment.java:76)
	at org.robolectric.android.internal.AndroidTestEnvironment.setUpApplicationState(AndroidTestEnvironment.java:249)
	at org.robolectric.RobolectricTestRunner.beforeTest(RobolectricTestRunner.java:283)
	at org.robolectric.internal.SandboxTestRunner$2.lambda$evaluate$2(SandboxTestRunner.java:285)
	at org.robolectric.internal.bytecode.Sandbox.lambda$runOnMainThread$0(Sandbox.java:104)
	at java.base/java.util.concurrent.FutureTask.run(FutureTask.java:264)
	at java.base/java.util.concurrent.ThreadPoolExecutor.runWorker(ThreadPoolExecutor.java:1136)
	at java.base/java.util.concurrent.ThreadPoolExecutor$Worker.run(ThreadPoolExecutor.java:635)
	at java.base/java.lang.Thread.run(Thread.java:840)
</failure>
  </testcase>
  <testcase name="datastore_storeLongSynchronously_true" classname="com.gpsamy.easydatastore.DataStoreHelperTest" time="0.017">
    <failure message="java.lang.VerifyError: Bad return type&#10;Exception Details:&#10;  Location:&#10;    android/content/res/ResourcesImpl.$$robo$$android_content_res_ResourcesImpl$loadComplexColorForCookie(Landroid/content/res/Resources;Landroid/util/TypedValue;ILandroid/content/res/Resources$Theme;)Landroid/content/res/ComplexColor; @635: areturn&#10;  Reason:&#10;    Type 'java/lang/Object' (current frame, stack[0]) is not assignable to 'android/content/res/ComplexColor' (from method signature)&#10;  Current Frame:&#10;    bci: @635&#10;    flags: { }&#10;    locals: { 'android/content/res/ResourcesImpl', 'android/content/res/Resources', 'android/util/TypedValue', integer, 'android/content/res/Resources$Theme', '[I', 'java/lang/String', 'java/lang/Object', 'android/content/res/XmlResourceParser', 'android/util/AttributeSet', integer, 'java/lang/String' }&#10;    stack: { 'java/lang/Object' }&#10;  Bytecode:&#10;    0000000: b200 8bc7 000b 128d b800 93b3 008b b200&#10;    0000010: 8b3a 0519 0511 0189 5c2e 0460 4f2c b401&#10;    0000020: b1c7 002c 1905 1101 8a5c 2e04 604f bb04&#10;    0000030: 4359 bb01 2359 b701 2413 0445 b601 2a2c&#10;    0000040: b402 b9b6 0187 b601 34b7 0446 bf19 0511&#10;    0000050: 018b 5c2e 0460 4f2c b401 b1b9 01b2 0100&#10;    0000060: 3a06 1905 1101 8c5c 2e04 604f 013a 0719&#10;    0000070: 0511 018d 5c2e 0460 4f14 01d6 1906 b801&#10;    0000080: df19 0511 018e 5c2e 0460 4f19 0613 0393&#10;    0000090: b603 9799 0178 1905 1101 8f5c 2e04 604f&#10;    00000a0: 2a19 061d 2cb4 01af 1304 48b6 039b 3a08&#10;    00000b0: 1905 1101 905c 2e04 604f 1908 b804 4e3a&#10;    00000c0: 0919 0511 0191 5c2e 0460 4f19 08b9 0451&#10;    00000d0: 0100 5936 0a05 9f00 0c15 0a04 9f00 06a7&#10;    00000e0: ffe2 1905 1101 925c 2e04 604f 150a 059f&#10;    00000f0: 0018 1905 1101 935c 2e04 604f bb03 d759&#10;    0000100: 1304 53b7 0454 bf19 0511 0194 5c2e 0460&#10;    0000110: 4f19 08b9 0457 0100 3a0b 1905 1101 955c&#10;    0000120: 2e04 604f 190b 1304 59b6 019a 9900 1c19&#10;    0000130: 0511 0196 5c2e 0460 4f2b 1908 1909 1904&#10;    0000140: b804 5f3a 07a7 002e 1905 1101 975c 2e04&#10;    0000150: 604f 190b 1304 61b6 019a 9900 1919 0511&#10;    0000160: 0198 5c2e 0460 4f2b 1908 1909 1904 b804&#10;    0000170: 643a 0719 0511 0199 5c2e 0460 4f19 08b9&#10;    0000180: 03a2 0100 1905 1101 9a5c 2e04 604f a700&#10;    0000190: d119 0511 019b 5c2e 0460 4f3a 0819 0511&#10;    00001a0: 019c 5c2e 0460 4f14 01d6 b802 6919 0511&#10;    00001b0: 019d 5c2e 0460 4fbb 0016 59bb 0123 59b7&#10;    00001c0: 0124 1301 b8b6 012a 1906 b601 2a13 0466&#10;    00001d0: b601 2a1d 1905 1101 9e5c 2e04 604f b801&#10;    00001e0: 30b6 012a b601 34b7 0137 3a09 1905 1101&#10;    00001f0: 9f5c 2e04 604f 1909 1908 b601 cc57 1905&#10;    0000200: 1101 a05c 2e04 604f 1909 bf19 0511 01a1&#10;    0000210: 5c2e 0460 4f14 01d6 b802 6919 0511 01a2&#10;    0000220: 5c2e 0460 4fbb 0016 59bb 0123 59b7 0124&#10;    0000230: 1301 b8b6 012a 1906 b601 2a13 01ba b601&#10;    0000240: 2a1d 1905 1101 a35c 2e04 604f b801 30b6&#10;    0000250: 012a 1304 30b6 012a b601 34b7 0137 bf19&#10;    0000260: 0511 01a4 5c2e 0460 4f14 01d6 b802 6919&#10;    0000270: 0511 01a5 5c2e 0460 4f19 07b0          &#10;  Exception Handler Table:&#10;    bci [150, 388] =&gt; handler: 401&#10;  Stackmap Table:&#10;    same_frame(@14)&#10;    append_frame(@77,Object[#281])&#10;    full_frame(@193,{Object[#2],Object[#24],Object[#428],Integer,Object[#27],Object[#281],Object[#207],Null,Object[#929],Object[#1131]},{})&#10;    append_frame(@226,Integer)&#10;    same_frame(@263)&#10;    append_frame(@328,Object[#207])&#10;    full_frame(@371,{Object[#2],Object[#24],Object[#428],Integer,Object[#27],Object[#281],Object[#207],Object[#4],Object[#929],Object[#1131],Integer,Object[#207]},{})&#10;    full_frame(@401,{Object[#2],Object[#24],Object[#428],Integer,Object[#27],Object[#281],Object[#207],Object[#4]},{Object[#335]})&#10;    full_frame(@523,{Object[#2],Object[#24],Object[#428],Integer,Object[#27],Object[#281],Object[#207],Null},{})&#10;    full_frame(@607,{Object[#2],Object[#24],Object[#428],Integer,Object[#27],Object[#281],Object[#207],Object[#4],Object[#929],Object[#1131],Integer,Object[#207]},{})&#10;" type="java.lang.VerifyError">java.lang.VerifyError: Bad return type
Exception Details:
  Location:
    android/content/res/ResourcesImpl.$$robo$$android_content_res_ResourcesImpl$loadComplexColorForCookie(Landroid/content/res/Resources;Landroid/util/TypedValue;ILandroid/content/res/Resources$Theme;)Landroid/content/res/ComplexColor; @635: areturn
  Reason:
    Type 'java/lang/Object' (current frame, stack[0]) is not assignable to 'android/content/res/ComplexColor' (from method signature)
  Current Frame:
    bci: @635
    flags: { }
    locals: { 'android/content/res/ResourcesImpl', 'android/content/res/Resources', 'android/util/TypedValue', integer, 'android/content/res/Resources$Theme', '[I', 'java/lang/String', 'java/lang/Object', 'android/content/res/XmlResourceParser', 'android/util/AttributeSet', integer, 'java/lang/String' }
    stack: { 'java/lang/Object' }
  Bytecode:
    0000000: b200 8bc7 000b 128d b800 93b3 008b b200
    0000010: 8b3a 0519 0511 0189 5c2e 0460 4f2c b401
    0000020: b1c7 002c 1905 1101 8a5c 2e04 604f bb04
    0000030: 4359 bb01 2359 b701 2413 0445 b601 2a2c
    0000040: b402 b9b6 0187 b601 34b7 0446 bf19 0511
    0000050: 018b 5c2e 0460 4f2c b401 b1b9 01b2 0100
    0000060: 3a06 1905 1101 8c5c 2e04 604f 013a 0719
    0000070: 0511 018d 5c2e 0460 4f14 01d6 1906 b801
    0000080: df19 0511 018e 5c2e 0460 4f19 0613 0393
    0000090: b603 9799 0178 1905 1101 8f5c 2e04 604f
    00000a0: 2a19 061d 2cb4 01af 1304 48b6 039b 3a08
    00000b0: 1905 1101 905c 2e04 604f 1908 b804 4e3a
    00000c0: 0919 0511 0191 5c2e 0460 4f19 08b9 0451
    00000d0: 0100 5936 0a05 9f00 0c15 0a04 9f00 06a7
    00000e0: ffe2 1905 1101 925c 2e04 604f 150a 059f
    00000f0: 0018 1905 1101 935c 2e04 604f bb03 d759
    0000100: 1304 53b7 0454 bf19 0511 0194 5c2e 0460
    0000110: 4f19 08b9 0457 0100 3a0b 1905 1101 955c
    0000120: 2e04 604f 190b 1304 59b6 019a 9900 1c19
    0000130: 0511 0196 5c2e 0460 4f2b 1908 1909 1904
    0000140: b804 5f3a 07a7 002e 1905 1101 975c 2e04
    0000150: 604f 190b 1304 61b6 019a 9900 1919 0511
    0000160: 0198 5c2e 0460 4f2b 1908 1909 1904 b804
    0000170: 643a 0719 0511 0199 5c2e 0460 4f19 08b9
    0000180: 03a2 0100 1905 1101 9a5c 2e04 604f a700
    0000190: d119 0511 019b 5c2e 0460 4f3a 0819 0511
    00001a0: 019c 5c2e 0460 4f14 01d6 b802 6919 0511
    00001b0: 019d 5c2e 0460 4fbb 0016 59bb 0123 59b7
    00001c0: 0124 1301 b8b6 012a 1906 b601 2a13 0466
    00001d0: b601 2a1d 1905 1101 9e5c 2e04 604f b801
    00001e0: 30b6 012a b601 34b7 0137 3a09 1905 1101
    00001f0: 9f5c 2e04 604f 1909 1908 b601 cc57 1905
    0000200: 1101 a05c 2e04 604f 1909 bf19 0511 01a1
    0000210: 5c2e 0460 4f14 01d6 b802 6919 0511 01a2
    0000220: 5c2e 0460 4fbb 0016 59bb 0123 59b7 0124
    0000230: 1301 b8b6 012a 1906 b601 2a13 01ba b601
    0000240: 2a1d 1905 1101 a35c 2e04 604f b801 30b6
    0000250: 012a 1304 30b6 012a b601 34b7 0137 bf19
    0000260: 0511 01a4 5c2e 0460 4f14 01d6 b802 6919
    0000270: 0511 01a5 5c2e 0460 4f19 07b0          
  Exception Handler Table:
    bci [150, 388] =&gt; handler: 401
  Stackmap Table:
    same_frame(@14)
    append_frame(@77,Object[#281])
    full_frame(@193,{Object[#2],Object[#24],Object[#428],Integer,Object[#27],Object[#281],Object[#207],Null,Object[#929],Object[#1131]},{})
    append_frame(@226,Integer)
    same_frame(@263)
    append_frame(@328,Object[#207])
    full_frame(@371,{Object[#2],Object[#24],Object[#428],Integer,Object[#27],Object[#281],Object[#207],Object[#4],Object[#929],Object[#1131],Integer,Object[#207]},{})
    full_frame(@401,{Object[#2],Object[#24],Object[#428],Integer,Object[#27],Object[#281],Object[#207],Object[#4]},{Object[#335]})
    full_frame(@523,{Object[#2],Object[#24],Object[#428],Integer,Object[#27],Object[#281],Object[#207],Null},{})
    full_frame(@607,{Object[#2],Object[#24],Object[#428],Integer,Object[#27],Object[#281],Object[#207],Object[#4],Object[#929],Object[#1131],Integer,Object[#207]},{})

	at android.content.res.Resources.__constructor__(Resources.java:228)
	at android.content.res.Resources.&lt;init&gt;(Resources.java:227)
	at org.robolectric.shadows.ShadowResources.getSystem(ShadowResources.java:85)
	at android.content.res.Resources.getSystem(Resources.java)
	at android.app.LoadedApk.__constructor__(LoadedApk.java:209)
	at android.app.LoadedApk.&lt;init&gt;(LoadedApk.java:188)
	at android.app.ContextImpl.createSystemContext(ContextImpl.java:2319)
	at jdk.internal.reflect.GeneratedMethodAccessor8.invoke(Unknown Source)
	at java.base/jdk.internal.reflect.DelegatingMethodAccessorImpl.invoke(DelegatingMethodAccessorImpl.java:43)
	at org.robolectric.shadows.ShadowContextImpl$_ContextImpl_$$Reflector5.createSystemContext(Unknown Source)
	at org.robolectric.android.internal.AndroidTestEnvironment.installAndCreateApplication(AndroidTestEnvironment.java:298)
	at org.robolectric.android.internal.AndroidTestEnvironment.lambda$createApplicationSupplier$0(AndroidTestEnvironment.java:282)
	at org.robolectric.util.PerfStatsCollector.measure(PerfStatsCollector.java:53)
	at org.robolectric.android.internal.AndroidTestEnvironment.lambda$createApplicationSupplier$1(AndroidTestEnvironment.java:279)
	at com.google.common.base.Suppliers$NonSerializableMemoizingSupplier.get(Suppliers.java:183)
	at org.robolectric.RuntimeEnvironment.lambda$getApplication$0(RuntimeEnvironment.java:76)
	at org.robolectric.shadows.ShadowInstrumentation.runOnMainSyncNoIdle(ShadowInstrumentation.java:1190)
	at org.robolectric.RuntimeEnvironment.getApplication(RuntimeEnvironment.java:76)
	at org.robolectric.android.internal.AndroidTestEnvironment.setUpApplicationState(AndroidTestEnvironment.java:249)
	at org.robolectric.RobolectricTestRunner.beforeTest(RobolectricTestRunner.java:283)
	at org.robolectric.internal.SandboxTestRunner$2.lambda$evaluate$2(SandboxTestRunner.java:285)
	at org.robolectric.internal.bytecode.Sandbox.lambda$runOnMainThread$0(Sandbox.java:104)
	at java.base/java.util.concurrent.FutureTask.run(FutureTask.java:264)
	at java.base/java.util.concurrent.ThreadPoolExecutor.runWorker(ThreadPoolExecutor.java:1136)
	at java.base/java.util.concurrent.ThreadPoolExecutor$Worker.run(ThreadPoolExecutor.java:635)
	at java.base/java.lang.Thread.run(Thread.java:840)
</failure>
  </testcase>
  <system-out><![CDATA[WARNING: No manifest file found at ./AndroidManifest.xml.
Falling back to the Android OS resources only.
To remove this warning, annotate your test class with @Config(manifest=Config.NONE).
If you're using Android Gradle Plugin, add testOptions.unitTests.includeAndroidResources = true to your build.gradle
]]></system-out>
  <system-err><![CDATA[]]></system-err>
</testsuite>
